#
# A fatal error has been detected by the Java Runtime Environment:
#
#  EXCEPTION_ACCESS_VIOLATION (0xc0000005) at pc=0x00007ff93696a1b9, pid=6360, tid=10004
#
# JRE version: OpenJDK Runtime Environment Temurin-17.0.10+7 (17.0.10+7) (build 17.0.10+7)
# Java VM: OpenJDK 64-Bit Server VM Temurin-17.0.10+7 (17.0.10+7, mixed mode, sharing, tiered, compressed oops, compressed class ptrs, g1 gc, windows-amd64)
# Problematic frame:
# V  [jvm.dll+0x30a1b9]
#
# No core dump will be written. Minidumps are not enabled by default on client versions of Windows
#
# If you would like to submit a bug report, please visit:
#   https://github.com/adoptium/adoptium-support/issues
#

---------------  S U M M A R Y ------------

Command Line: -Dfile.encoding=UTF-8 -Duser.country=RU -Duser.language=ru -Duser.variant net.minecraftforge.fart.Main --input C:\Users\finto\MCreatorWorkspaces\sosiskisquad\build\libs\modid-1.0.jar --output C:\Users\finto\MCreatorWorkspaces\sosiskisquad\build\reobfJar\output.jar --names C:\Users\finto\MCreatorWorkspaces\sosiskisquad\build\reobfJar\mappings.tsrg --lib C:\Users\finto\.mcreator\gradle\caches\forge_gradle\minecraft_user_repo\net\minecraftforge\forge\1.20.1-47.2.0_mapped_official_1.20.1\forge-1.20.1-47.2.0_mapped_official_1.20.1-recomp.jar --lib C:\Users\finto\.mcreator\gradle\caches\forge_gradle\minecraft_repo\versions\1.20.1\client-extra.jar --lib C:\Users\finto\.mcreator\gradle\caches\modules-2\files-2.1\net.minecraftforge\fmlloader\1.20.1-47.2.0\7811231940c0a8b6008453bbc64fdf7fa1280fe9\fmlloader-1.20.1-47.2.0.jar --lib C:\Users\finto\.mcreator\gradle\caches\modules-2\files-2.1\net.minecraftforge\JarJarSelector\0.3.19\376cc9c8ea60720cf027c01fc033de915699801c\JarJarSelector-0.3.19.jar --lib C:\Users\finto\.mcreator\gradle\caches\modules-2\files-2.1\net.minecraftforge\JarJarMetadata\0.3.19\83feaa9b770e6ac0e96ee4fc23fa89325c5fe2\JarJarMetadata-0.3.19.jar --lib C:\Users\finto\.mcreator\gradle\caches\modules-2\files-2.1\com.google.guava\guava\31.1-jre\60458f877d055d0c9114d9e1a2efb737b4bc282c\guava-31.1-jre.jar --lib C:\Users\finto\.mcreator\gradle\caches\modules-2\files-2.1\com.google.code.findbugs\jsr305\3.0.2\25ea2e8b0c338a877313bd4672d3fe056ea78f0d\jsr305-3.0.2.jar --lib C:\Users\finto\.mcreator\gradle\caches\modules-2\files-2.1\ca.weblite\java-objc-bridge\1.1\1227f9e0666314f9de41477e3ec277e542ed7f7b\java-objc-bridge-1.1.jar --lib C:\Users\finto\.mcreator\gradle\caches\modules-2\files-2.1\net.minecraftforge\forgespi\7.0.1\3b4972a0cdb135853dba219be61a79b22cff1309\forgespi-7.0.1.jar --lib C:\Users\finto\.mcreator\gradle\caches\modules-2\files-2.1\net.minecraftforge\mergetool\1.1.5\f3da18e12c696d35a47c82cbb2cc8b5aa15e1154\mergetool-1.1.5-api.jar --lib C:\Users\finto\.mcreator\gradle\caches\modules-2\files-2.1\org.jetbrains\annotations\24.0.1\13c5c75c4206580aa4d683bffee658caae6c9f43\annotations-24.0.1.jar --lib C:\Users\finto\.mcreator\gradle\caches\modules-2\files-2.1\cpw.mods\securejarhandler\2.1.10\51e6a22c6c716beb11e244bf5b8be480f51dd6b5\securejarhandler-2.1.10.jar --lib C:\Users\finto\.mcreator\gradle\caches\modules-2\files-2.1\cpw.mods\modlauncher\10.0.9\6d9443f56f50bb85cea383686ff9c867391458b\modlauncher-10.0.9.jar --lib C:\Users\finto\.mcreator\gradle\caches\modules-2\files-2.1\org.openjdk.nashorn\nashorn-core\15.3\43977e804697048fc8d81d333a36c17d07a5b3dd\nashorn-core-15.3.jar --lib C:\Users\finto\.mcreator\gradle\caches\modules-2\files-2.1\org.ow2.asm\asm-commons\9.5\19ab5b5800a3910d30d3a3e64fdb00fd0cb42de0\asm-commons-9.5.jar --lib C:\Users\finto\.mcreator\gradle\caches\modules-2\files-2.1\org.ow2.asm\asm-util\9.5\64b5a1fc8c1b15ed2efd6a063e976bc8d3dc5ffe\asm-util-9.5.jar --lib C:\Users\finto\.mcreator\gradle\caches\modules-2\files-2.1\org.ow2.asm\asm-analysis\9.5\490bacc77de7cbc0be1a30bb3471072d705be4a4\asm-analysis-9.5.jar --lib C:\Users\finto\.mcreator\gradle\caches\modules-2\files-2.1\org.ow2.asm\asm-tree\9.5\fd33c8b6373abaa675be407082fdfda35021254a\asm-tree-9.5.jar --lib C:\Users\finto\.mcreator\gradle\caches\modules-2\files-2.1\org.ow2.asm\asm\9.5\dc6ea1875f4d64fbc85e1691c95b96a3d8569c90\asm-9.5.jar --lib C:\Users\finto\.mcreator\gradle\caches\modules-2\files-2.1\net.minecraftforge\accesstransformers\8.0.4\272d240aa73f42195b2a68e2ebd8b701ecf41f63\accesstransformers-8.0.4.jar --lib C:\Users\finto\.mcreator\gradle\caches\modules-2\files-2.1\org.antlr\antlr4\4.9.1\e92af8ab33e428461927b484e90bb155a4f3a052\antlr4-4.9.1.jar --lib C:\Users\finto\.mcreator\gradle\caches\modules-2\files-2.1\org.antlr\antlr4-runtime\4.9.1\428664f05d2b7f7b7610204b5aa7c1763f62011a\antlr4-runtime-4.9.1.jar --lib C:\Users\finto\.mcreator\gradle\caches\modules-2\files-2.1\net.minecraftforge\fmlcore\1.20.1-47.2.0\ffd3c6debac0a388c9e33ac43c9f5eafb91cb466\fmlcore-1.20.1-47.2.0.jar --lib C:\Users\finto\.mcreator\gradle\caches\modules-2\files-2.1\net.minecraftforge\eventbus\6.0.5\699143dd438431d06b57416944f7cedbe52e1475\eventbus-6.0.5.jar --lib C:\Users\finto\.mcreator\gradle\caches\modules-2\files-2.1\net.minecraftforge\coremods\5.0.1\386b00279628b105b2d507539c46e134e96f6237\coremods-5.0.1.jar --lib C:\Users\finto\.mcreator\gradle\caches\modules-2\files-2.1\net.minecraftforge\unsafe\0.2.0\54d7a0a5e8fdb71b973025caa46f341ae5904f39\unsafe-0.2.0.jar --lib C:\Users\finto\.mcreator\gradle\caches\modules-2\files-2.1\com.electronwill.night-config\toml\3.6.4\51d6cefb2b55ee55ee26b16391212fb2c7dfb4f4\toml-3.6.4.jar --lib C:\Users\finto\.mcreator\gradle\caches\modules-2\files-2.1\com.electronwill.night-config\core\3.6.4\510f174abbf1c947494db50ef2445683bd52c230\core-3.6.4.jar --lib C:\Users\finto\.mcreator\gradle\caches\modules-2\files-2.1\org.apache.maven\maven-artifact\3.8.5\4433f50c07debefaed0553bd0068f4f48d449313\maven-artifact-3.8.5.jar --lib C:\Users\finto\.mcreator\gradle\caches\modules-2\files-2.1\net.jodah\typetools\0.6.3\a01aaa6ddaea9ec07ec4f209487b7a46a526283a\typetools-0.6.3.jar --lib C:\Users\finto\.mcreator\gradle\caches\modules-2\files-2.1\net.minecrell\terminalconsoleappender\1.2.0\96d02cd3b384ff015a8fef4223bcb4ccf1717c95\terminalconsoleappender-1.2.0.jar --lib C:\Users\finto\.mcreator\gradle\caches\modules-2\files-2.1\org.jline\jline-reader\3.12.1\4382ab1382c7b6f379377ed5f665dc2f6e1218bc\jline-reader-3.12.1.jar --lib C:\Users\finto\.mcreator\gradle\caches\modules-2\files-2.1\org.jline\jline-terminal\3.12.1\c777448314e050d980a6b697c140f3bfe9eb7416\jline-terminal-3.12.1.jar --lib C:\Users\finto\.mcreator\gradle\caches\modules-2\files-2.1\org.spongepowered\mixin\0.8.5\9d1c0c3a304ae6697ecd477218fa61b850bf57fc\mixin-0.8.5.jar --lib C:\Users\finto\.mcreator\gradle\caches\modules-2\files-2.1\cpw.mods\bootstraplauncher\1.1.2\c546e00443d8432cda6baa1c860346980742628\bootstraplauncher-1.1.2.jar --lib C:\Users\finto\.mcreator\gradle\caches\modules-2\files-2.1\net.minecraftforge\JarJarFileSystems\0.3.19\2464eb7d6b9ddb9db36a82cf8a95193e5c6fe020\JarJarFileSystems-0.3.19.jar --lib C:\Users\finto\.mcreator\gradle\caches\modules-2\files-2.1\net.minecraftforge\fmlearlydisplay\1.20.1-47.2.0\4c56a03dcedcb909c7eaa8469dd5a36c493a0008\fmlearlydisplay-1.20.1-47.2.0.jar --lib C:\Users\finto\.mcreator\gradle\caches\modules-2\files-2.1\net.minecraftforge\javafmllanguage\1.20.1-47.2.0\7f9181f85acc66547685a72020713fc8cbde98\javafmllanguage-1.20.1-47.2.0.jar --lib C:\Users\finto\.mcreator\gradle\caches\modules-2\files-2.1\net.minecraftforge\lowcodelanguage\1.20.1-47.2.0\7872f5205685fdd26fae39b1be79b0e60ca5b7bd\lowcodelanguage-1.20.1-47.2.0.jar --lib C:\Users\finto\.mcreator\gradle\caches\modules-2\files-2.1\net.minecraftforge\mclanguage\1.20.1-47.2.0\d501d161cabed08b3c139a2c6217b02a39f3c3e9\mclanguage-1.20.1-47.2.0.jar --lib C:\Users\finto\.mcreator\gradle\caches\modules-2\files-2.1\com.github.oshi\oshi-core\6.2.2\54f5efc19bca95d709d9a37d19ffcbba3d21c1a6\oshi-core-6.2.2.jar --lib C:\Users\finto\.mcreator\gradle\caches\modules-2\files-2.1\com.google.code.gson\gson\2.10\dd9b193aef96e973d5a11ab13cd17430c2e4306b\gson-2.10.jar --lib C:\Users\finto\.mcreator\gradle\caches\modules-2\files-2.1\com.google.guava\failureaccess\1.0.1\1dcf1de382a0bf95a3d8b0849546c88bac1292c9\failureaccess-1.0.1.jar --lib C:\Users\finto\.mcreator\gradle\caches\modules-2\files-2.1\com.ibm.icu\icu4j\71.1\9e7d3304c23f9ba5cb71915f7cce23231a57a445\icu4j-71.1.jar --lib C:\Users\finto\.mcreator\gradle\caches\modules-2\files-2.1\com.mojang\authlib\4.0.43\2ff9d747a77570a07a60d32ac77eb6162ad2a2d9\authlib-4.0.43.jar --lib C:\Users\finto\.mcreator\gradle\caches\modules-2\files-2.1\com.mojang\blocklist\1.0.10\5c685c5ffa94c4cd39496c7184c1d122e515ecef\blocklist-1.0.10.jar --lib C:\Users\finto\.mcreator\gradle\caches\modules-2\files-2.1\com.mojang\brigadier\1.1.8\5244ce82c3337bba4a196a3ce858bfaecc74404a\brigadier-1.1.8.jar --lib C:\Users\finto\.mcreator\gradle\caches\modules-2\files-2.1\com.mojang\datafixerupper\6.0.8\3ba4a30557a9b057760af4011f909ba619fc5125\datafixerupper-6.0.8.jar --lib C:\Users\finto\.mcreator\gradle\caches\modules-2\files-2.1\com.mojang\logging\1.1.1\832b8e6674a9b325a5175a3a6267dfaf34c85139\logging-1.1.1.jar --lib C:\Users\finto\.mcreator\gradle\caches\modules-2\files-2.1\com.mojang\patchy\2.2.10\da05971b07cbb379d002cf7eaec6a2048211fefc\patchy-2.2.10.jar --lib C:\Users\finto\.mcreator\gradle\caches\modules-2\files-2.1\com.mojang\text2speech\1.17.9\3cad216e3a7f0c19b4b394388bc9ffc446f13b14\text2speech-1.17.9.jar --lib C:\Users\finto\.mcreator\gradle\caches\modules-2\files-2.1\org.apache.httpcomponents\httpclient\4.5.13\e5f6cae5ca7ecaac1ec2827a9e2d65ae2869cada\httpclient-4.5.13.jar --lib C:\Users\finto\.mcreator\gradle\caches\modules-2\files-2.1\commons-codec\commons-codec\1.15\49d94806b6e3dc933dacbd8acb0fdbab8ebd1e5d\commons-codec-1.15.jar --lib C:\Users\finto\.mcreator\gradle\caches\modules-2\files-2.1\commons-io\commons-io\2.11.0\a2503f302b11ebde7ebc3df41daebe0e4eea3689\commons-io-2.11.0.jar --lib C:\Users\finto\.mcreator\gradle\caches\modules-2\files-2.1\commons-logging\commons-logging\1.2\4bfc12adfe4842bf07b657f0369c4cb522955686\commons-logging-1.2.jar --lib C:\Users\finto\.mcreator\gradle\caches\modules-2\files-2.1\io.netty\netty-handler\4.1.82.Final\644041d1fa96a5d3130a29e8978630d716d76e38\netty-handler-4.1.82.Final.jar --lib C:\Users\finto\.mcreator\gradle\caches\modules-2\files-2.1\io.netty\netty-codec\4.1.82.Final\b77200379acb345a9ffdece1c605e591ac3e4e0a\netty-codec-4.1.82.Final.jar --lib C:\Users\finto\.mcreator\gradle\caches\modules-2\files-2.1\io.netty\netty-transport-classes-epoll\4.1.82.Final\e7c7dd18deac93105797f30057c912651ea76521\netty-transport-classes-epoll-4.1.82.Final.jar --lib C:\Users\finto\.mcreator\gradle\caches\modules-2\files-2.1\io.netty\netty-transport-native-unix-common\4.1.82.Final\3e895b35ca1b8a0eca56cacff4c2dde5d2c6abce\netty-transport-native-unix-common-4.1.82.Final.jar --lib C:\Users\finto\.mcreator\gradle\caches\modules-2\files-2.1\io.netty\netty-transport\4.1.82.Final\e431a218d91acb6476ccad5f5aafde50aa3945ca\netty-transport-4.1.82.Final.jar --lib C:\Users\finto\.mcreator\gradle\caches\modules-2\files-2.1\io.netty\netty-buffer\4.1.82.Final\a544270cf1ae8b8077082f5036436a9a9971ea71\netty-buffer-4.1.82.Final.jar --lib C:\Users\finto\.mcreator\gradle\caches\modules-2\files-2.1\io.netty\netty-resolver\4.1.82.Final\38f665ae8dcd29032eea31245ba7806bed2e0fa8\netty-resolver-4.1.82.Final.jar --lib C:\Users\finto\.mcreator\gradle\caches\modules-2\files-2.1\io.netty\netty-common\4.1.82.Final\22d148e85c3f5ebdacc0ce1f5aabb1d420f73f3\netty-common-4.1.82.Final.jar --lib C:\Users\finto\.mcreator\gradle\caches\modules-2\files-2.1\it.unimi.dsi\fastutil\8.5.9\bb7ea75ecdb216654237830b3a96d87ad91f8cc5\fastutil-8.5.9.jar --lib C:\Users\finto\.mcreator\gradle\caches\modules-2\files-2.1\net.java.dev.jna\jna-platform\5.12.1\97406a297c852f4a41e688a176ec675f72e8329\jna-platform-5.12.1.jar --lib C:\Users\finto\.mcreator\gradle\caches\modules-2\files-2.1\net.java.dev.jna\jna\5.12.1\b1e93a735caea94f503e95e6fe79bf9cdc1e985d\jna-5.12.1.jar --lib C:\Users\finto\.mcreator\gradle\caches\modules-2\files-2.1\net.sf.jopt-simple\jopt-simple\5.0.4\4fdac2fbe92dfad86aa6e9301736f6b4342a3f5c\jopt-simple-5.0.4.jar --lib C:\Users\finto\.mcreator\gradle\caches\modules-2\files-2.1\org.apache.commons\commons-compress\1.21\4ec95b60d4e86b5c95a0e919cb172a0af98011ef\commons-compress-1.21.jar --lib C:\Users\finto\.mcreator\gradle\caches\modules-2\files-2.1\org.apache.commons\commons-lang3\3.12.0\c6842c86792ff03b9f1d1fe2aab8dc23aa6c6f0e\commons-lang3-3.12.0.jar --lib C:\Users\finto\.mcreator\gradle\caches\modules-2\files-2.1\org.apache.httpcomponents\httpcore\4.4.15\7f2e0c573eaa7a74bac2e89b359e1f73d92a0a1d\httpcore-4.4.15.jar --lib C:\Users\finto\.mcreator\gradle\caches\modules-2\files-2.1\org.apache.logging.log4j\log4j-core\2.19.0\3b6eeb4de4c49c0fe38a4ee27188ff5fee44d0bb\log4j-core-2.19.0.jar --lib C:\Users\finto\.mcreator\gradle\caches\modules-2\files-2.1\org.apache.logging.log4j\log4j-slf4j2-impl\2.19.0\5c04bfdd63ce9dceb2e284b81e96b6a70010ee10\log4j-slf4j2-impl-2.19.0.jar --lib C:\Users\finto\.mcreator\gradle\caches\modules-2\files-2.1\org.apache.logging.log4j\log4j-api\2.19.0\ea1b37f38c327596b216542bc636cfdc0b8036fa\log4j-api-2.19.0.jar --lib C:\Users\finto\.mcreator\gradle\caches\modules-2\files-2.1\org.joml\joml\1.10.5\22566d58af70ad3d72308bab63b8339906deb649\joml-1.10.5.jar --lib C:\Users\finto\.mcreator\gradle\caches\modules-2\files-2.1\org.lwjgl\lwjgl-glfw\3.3.1\cbac1b8d30cb4795149c1ef540f912671a8616d0\lwjgl-glfw-3.3.1.jar --lib C:\Users\finto\.mcreator\gradle\caches\modules-2\files-2.1\org.lwjgl\lwjgl-glfw\3.3.1\ed892f945cf7e79c8756796f32d00fa4ceaf573b\lwjgl-glfw-3.3.1-natives-windows.jar --lib C:\Users\finto\.mcreator\gradle\caches\modules-2\files-2.1\org.lwjgl\lwjgl-glfw\3.3.1\beda65ee503443e60aa196d58ed31f8d001dc22a\lwjgl-glfw-3.3.1-natives-windows-arm64.jar --lib C:\Users\finto\.mcreator\gradle\caches\modules-2\files-2.1\org.lwjgl\lwjgl-glfw\3.3.1\b997e3391d6ce8f05487e7335d95c606043884a1\lwjgl-glfw-3.3.1-natives-windows-x86.jar --lib C:\Users\finto\.mcreator\gradle\caches\modules-2\files-2.1\org.lwjgl\lwjgl-jemalloc\3.3.1\a817bcf213db49f710603677457567c37d53e103\lwjgl-jemalloc-3.3.1.jar --lib C:\Users\finto\.mcreator\gradle\caches\modules-2\files-2.1\org.lwjgl\lwjgl-jemalloc\3.3.1\948a89b76a16aa324b046ae9308891216ffce5f9\lwjgl-jemalloc-3.3.1-natives-windows.jar --lib C:\Users\finto\.mcreator\gradle\caches\modules-2\files-2.1\org.lwjgl\lwjgl-jemalloc\3.3.1\cae85c4edb219c88b6a0c26a87955ad98dc9519d\lwjgl-jemalloc-3.3.1-natives-windows-arm64.jar --lib C:\Users\finto\.mcreator\gradle\caches\modules-2\files-2.1\org.lwjgl\lwjgl-jemalloc\3.3.1\fb476c8ec110e1c137ad3ce8a7f7bfe6b11c6324\lwjgl-jemalloc-3.3.1-natives-windows-x86.jar --lib C:\Users\finto\.mcreator\gradle\caches\modules-2\files-2.1\org.lwjgl\lwjgl-openal\3.3.1\2623a6b8ae1dfcd880738656a9f0243d2e6840bd\lwjgl-openal-3.3.1.jar --lib C:\Users\finto\.mcreator\gradle\caches\modules-2\files-2.1\org.lwjgl\lwjgl-openal\3.3.1\30a474d0e57193d7bc128849a3ab66bc9316fdb1\lwjgl-openal-3.3.1-natives-windows.jar --lib C:\Users\finto\.mcreator\gradle\caches\modules-2\files-2.1\org.lwjgl\lwjgl-openal\3.3.1\40d65f1a7368a2aa47336f9cb69f5a190cf9975a\lwjgl-openal-3.3.1-natives-windows-arm64.jar --lib C:\Users\finto\.mcreator\gradle\caches\modules-2\files-2.1\org.lwjgl\lwjgl-openal\3.3.1\888349f7b1be6fbae58bf8edfb9ef12def04c4e3\lwjgl-openal-3.3.1-natives-windows-x86.jar --lib C:\Users\finto\.mcreator\gradle\caches\modules-2\files-2.1\org.lwjgl\lwjgl-opengl\3.3.1\831a5533a21a5f4f81bbc51bb13e9899319b5411\lwjgl-opengl-3.3.1.jar --lib C:\Users\finto\.mcreator\gradle\caches\modules-2\files-2.1\org.lwjgl\lwjgl-opengl\3.3.1\c1807e9bd571402787d7e37e3029776ae2513bb8\lwjgl-opengl-3.3.1-natives-windows.jar --lib C:\Users\finto\.mcreator\gradle\caches\modules-2\files-2.1\org.lwjgl\lwjgl-opengl\3.3.1\527d78f1e9056aff3ed02ce93019c73c5e8f1721\lwjgl-opengl-3.3.1-natives-windows-arm64.jar --lib C:\Users\finto\.mcreator\gradle\caches\modules-2\files-2.1\org.lwjgl\lwjgl-opengl\3.3.1\deef3eb9b178ff2ff3ce893cc72ae741c3a17974\lwjgl-opengl-3.3.1-natives-windows-x86.jar --lib C:\Users\finto\.mcreator\gradle\caches\modules-2\files-2.1\org.lwjgl\lwjgl-stb\3.3.1\b119297cf8ed01f247abe8685857f8e7fcf5980f\lwjgl-stb-3.3.1.jar --lib C:\Users\finto\.mcreator\gradle\caches\modules-2\files-2.1\org.lwjgl\lwjgl-stb\3.3.1\86315914ac119efdb02dc9e8e978ade84f1702af\lwjgl-stb-3.3.1-natives-windows.jar --lib C:\Users\finto\.mcreator\gradle\caches\modules-2\files-2.1\org.lwjgl\lwjgl-stb\3.3.1\fde63cdd2605c00636721a6c8b961e41d1f6b247\lwjgl-stb-3.3.1-natives-windows-arm64.jar --lib C:\Users\finto\.mcreator\gradle\caches\modules-2\files-2.1\org.lwjgl\lwjgl-stb\3.3.1\a8d41f419eecb430b7c91ea2ce2c5c451cae2091\lwjgl-stb-3.3.1-natives-windows-x86.jar --lib C:\Users\finto\.mcreator\gradle\caches\modules-2\files-2.1\org.lwjgl\lwjgl-tinyfd\3.3.1\ff1914111ef2e3e0110ef2dabc8d8cdaad82347\lwjgl-tinyfd-3.3.1.jar --lib C:\Users\finto\.mcreator\gradle\caches\modules-2\files-2.1\org.lwjgl\lwjgl-tinyfd\3.3.1\a5d830475ec0958d9fdba1559efa99aef211e6ff\lwjgl-tinyfd-3.3.1-natives-windows.jar --lib C:\Users\finto\.mcreator\gradle\caches\modules-2\files-2.1\org.lwjgl\lwjgl-tinyfd\3.3.1\83a5e780df610829ff3a737822b4f931cffecd91\lwjgl-tinyfd-3.3.1-natives-windows-arm64.jar --lib C:\Users\finto\.mcreator\gradle\caches\modules-2\files-2.1\org.lwjgl\lwjgl-tinyfd\3.3.1\842eedd876fae354abc308c98a263f6bbc9e8a4d\lwjgl-tinyfd-3.3.1-natives-windows-x86.jar --lib C:\Users\finto\.mcreator\gradle\caches\modules-2\files-2.1\org.lwjgl\lwjgl\3.3.1\ae58664f88e18a9bb2c77b063833ca7aaec484cb\lwjgl-3.3.1.jar --lib C:\Users\finto\.mcreator\gradle\caches\modules-2\files-2.1\org.lwjgl\lwjgl\3.3.1\36c37f16ab611b3aa11f3bcf80b1d509b4ce6b\lwjgl-3.3.1-natives-windows.jar --lib C:\Users\finto\.mcreator\gradle\caches\modules-2\files-2.1\org.lwjgl\lwjgl\3.3.1\f46cadcf95675908fd3a550d63d9d709cb68998\lwjgl-3.3.1-natives-windows-arm64.jar --lib C:\Users\finto\.mcreator\gradle\caches\modules-2\files-2.1\org.lwjgl\lwjgl\3.3.1\3b14f4beae9dd39791ec9e12190a9380cd8a3ce6\lwjgl-3.3.1-natives-windows-x86.jar --lib C:\Users\finto\.mcreator\gradle\caches\modules-2\files-2.1\com.machinezoo.noexception\noexception\1.7.1\b65330c98e38a1f915fa54a6e5eca496505e3f0a\noexception-1.7.1.jar --lib C:\Users\finto\.mcreator\gradle\caches\modules-2\files-2.1\org.slf4j\slf4j-api\2.0.1\f48d81adce2abf5ad3cfe463df517952749e03bc\slf4j-api-2.0.1.jar --lib C:\Users\finto\.mcreator\gradle\caches\modules-2\files-2.1\org.codehaus.plexus\plexus-utils\3.3.0\cf43b5391de623b36fe066a21127baef82c64022\plexus-utils-3.3.0.jar --lib C:\Users\finto\.mcreator\gradle\caches\modules-2\files-2.1\com.google.guava\listenablefuture\9999.0-empty-to-avoid-conflict-with-guava\b421526c5f297295adef1c886e5246c39d4ac629\listenablefuture-9999.0-empty-to-avoid-conflict-with-guava.jar --lib C:\Users\finto\.mcreator\gradle\caches\modules-2\files-2.1\org.checkerframework\checker-qual\3.12.0\d5692f0526415fcc6de94bb5bfbd3afd9dd3b3e5\checker-qual-3.12.0.jar --lib C:\Users\finto\.mcreator\gradle\caches\modules-2\files-2.1\com.google.errorprone\error_prone_annotations\2.11.0\c5a0ace696d3f8b1c1d8cc036d8c03cc0cbe6b69\error_prone_annotations-2.11.0.jar --lib C:\Users\finto\.mcreator\gradle\caches\modules-2\files-2.1\com.google.j2objc\j2objc-annotations\1.3\ba035118bc8bac37d7eff77700720999acd9986d\j2objc-annotations-1.3.jar --lib C:\Users\finto\.mcreator\gradle\caches\modules-2\files-2.1\org.antlr\ST4\4.3\92f2c1ad8d84abcbeead6cf7f2c53a04166293c2\ST4-4.3.jar --lib C:\Users\finto\.mcreator\gradle\caches\modules-2\files-2.1\org.antlr\antlr-runtime\3.5.2\cd9cd41361c155f3af0f653009dcecb08d8b4afd\antlr-runtime-3.5.2.jar --lib C:\Users\finto\.mcreator\gradle\caches\modules-2\files-2.1\org.abego.treelayout\org.abego.treelayout.core\1.0.3\457216e8e6578099ae63667bb1e4439235892028\org.abego.treelayout.core-1.0.3.jar --lib C:\Users\finto\.mcreator\gradle\caches\modules-2\files-2.1\org.glassfish\javax.json\1.0.4\3178f73569fd7a1e5ffc464e680f7a8cc784b85a\javax.json-1.0.4.jar --disable-abstract-param

Host: AMD FX(tm)-8320 Eight-Core Processor           , 8 cores, 15G,  Windows 10 , 64 bit Build 19041 (10.0.19041.3636)
Time: Fri Jul 12 23:31:37 2024 RTZ 2 (s 10 , 64 bit Build 19041 (10.0.19041.3636) elapsed time: 1.231182 seconds (0d 0h 0m 1s)

---------------  T H R E A D  ---------------

Current thread (0x00000146ae5c15f0):  GCTaskThread "GC Thread#5" [stack: 0x0000000ac2000000,0x0000000ac2100000] [id=10004]

Stack: [0x0000000ac2000000,0x0000000ac2100000],  sp=0x0000000ac20ff9e0,  free space=1022k
Native frames: (J=compiled Java code, j=interpreted, Vv=VM code, C=native code)
V  [jvm.dll+0x30a1b9]
V  [jvm.dll+0x306fae]
V  [jvm.dll+0x315593]
V  [jvm.dll+0x31753e]
V  [jvm.dll+0x315bdd]
V  [jvm.dll+0x3170fa]
V  [jvm.dll+0x2e1843]
V  [jvm.dll+0x2e32ab]
V  [jvm.dll+0x86226b]
V  [jvm.dll+0x8622b6]
V  [jvm.dll+0x7e3fba]
V  [jvm.dll+0x67c1b5]
C  [ucrtbase.dll+0x21bb2]
C  [KERNEL32.DLL+0x17344]
C  [ntdll.dll+0x4cc91]


siginfo: EXCEPTION_ACCESS_VIOLATION (0xc0000005), reading address 0x0000000503d951d0


Registers:
RAX=0x0000000000000000, RBX=0x0000000709700b01, RCX=0x0000000000000015, RDX=0x0000000000000000
RSP=0x0000000ac20ff9e0, RBP=0x000000000000009f, RSI=0x0000000709700b00, RDI=0x00000146f43cf840
R8 =0x0000000709700b80, R9 =0x0000000709700b80, R10=0x0000000503d951d0, R11=0x0000000000000001
R12=0x0000000ac20ffc60, R13=0x000001468b37bf30, R14=0x0000000000000040, R15=0x0000000000000000
RIP=0x00007ff93696a1b9, EFLAGS=0x0000000000010246


Register to memory mapping:

RIP=0x00007ff93696a1b9 jvm.dll
RAX=0x0 is NULL
RBX=0x0000000709700b01 is pointing into object: net.minecraftforge.fart.relocated.net.minecraftforge.srgutils.NamedMappingFile$Cls$Method 
{0x0000000709700af0} - klass: 'net/minecraftforge/fart/relocated/net/minecraftforge/srgutils/NamedMappingFile$Cls$Method'
 - ---- fields (total size 5 words):
 - private final 'names' '[Ljava/lang/String;' @12  a 'java/lang/String'[2] {0x0000000709700b18} (e12e0163)
 - final synthetic 'this$0' 'Lnet/minecraftforge/fart/relocated/net/minecraftforge/srgutils/NamedMappingFile;' @16  
[error occurred during error reporting (printing register info), id 0xc0000005, EXCEPTION_ACCESS_VIOLATION (0xc0000005) at pc=0x00007ff9369f403e]

Top of Stack: (sp=0x0000000ac20ff9e0)
0x0000000ac20ff9e0:   0000000000000000 00007ff936970100
0x0000000ac20ff9f0:   0000000700000000 0000000000000009
0x0000000ac20ffa00:   00000146a29ded40 0000000000000001
0x0000000ac20ffa10:   0000000000000040 0000000ac20ffc60
0x0000000ac20ffa20:   00000007055a8000 00007ff936966fae
0x0000000ac20ffa30:   00000146ae397b08 00000146f43cf840
0x0000000ac20ffa40:   00000146a29ded40 0000000000000001
0x0000000ac20ffa50:   0000000000b85df8 0000000000000000
0x0000000ac20ffa60:   0000000ac20ffc60 00000007055a8000
0x0000000ac20ffa70:   00000007055a8230 00007ff936975593
0x0000000ac20ffa80:   00000007055a8000 0000000ac20ffaa0
0x0000000ac20ffa90:   0000000ac20ffab0 000001468b3e9020
0x0000000ac20ffaa0:   00000007055a8000 0000000000000040
0x0000000ac20ffab0:   00007ff936fba778 0000000000000000
0x0000000ac20ffac0:   000001468b38e6b0 00000146f43cf840
0x0000000ac20ffad0:   00000146a29ded80 00007ff93697753e
0x0000000ac20ffae0:   000000000001ed40 00000146a29ded42
0x0000000ac20ffaf0:   0000000000000001 0000000000000001
0x0000000ac20ffb00:   00000146adc69c50 00007ff936cd67ef
0x0000000ac20ffb10:   0000000000000000 0000000000000000
0x0000000ac20ffb20:   0000000a00000000 00007ff936cd67ef
0x0000000ac20ffb30:   0000000ac20ffbb0 00000146ae5b92e0
0x0000000ac20ffb40:   00000146ae5b92b0 00000146ae505530
0x0000000ac20ffb50:   00000000000003d8 00000146ae505540
0x0000000ac20ffb60:   00000146ae505918 00007ff93695ed82
0x0000000ac20ffb70:   0000000ac20ffcb8 0000000000000006
0x0000000ac20ffb80:   0000000000000028 000001468b37c1d0
0x0000000ac20ffb90:   000000000000000f 00000146adc6a2b0
0x0000000ac20ffba0:   000001468b37bf30 0000000ac20ffcc9
0x0000000ac20ffbb0:   0000000ac20ffc60 00007ff936975bdd
0x0000000ac20ffbc0:   0000000a0000001e 00000146ae5a7960
0x0000000ac20ffbd0:   000000000001ed40 000000000000001e 

Instructions: (pc=0x00007ff93696a1b9)
0x00007ff93696a0b9:   ff 48 8d 53 fe 48 8b cf e8 6a f4 ff ff e9 35 fd
0x00007ff93696a0c9:   ff ff 0f 1f 44 00 00 48 8b 77 10 8b ae 80 00 00
0x00007ff93696a0d9:   00 8b cd 8b 86 00 01 00 00 2b c8 81 e1 ff ff 01
0x00007ff93696a0e9:   00 41 3b ce 0f 86 e9 02 00 00 ff cd 81 e5 ff ff
0x00007ff93696a0f9:   01 00 89 ae 80 00 00 00 e8 5a 45 36 00 90 8b d5
0x00007ff93696a109:   8b 86 00 01 00 00 8b cd 48 8b 9e 80 01 00 00 2b
0x00007ff93696a119:   c8 81 e1 ff ff 01 00 81 f9 ff ff 01 00 48 8b 1c
0x00007ff93696a129:   eb 41 0f 44 cf 85 c9 75 3d 90 89 6c 24 50 48 8b
0x00007ff93696a139:   86 00 01 00 00 48 8b c8 48 c1 e9 20 ff c1 89 4c
0x00007ff93696a149:   24 54 3b e8 0f 85 77 02 00 00 48 c1 e1 20 48 0b
0x00007ff93696a159:   ca f0 48 0f b1 8e 00 01 00 00 0f 85 61 02 00 00
0x00007ff93696a169:   8b 86 00 01 00 00 f6 c3 01 0f 84 2f 01 00 00 8b
0x00007ff93696a179:   0d 6a d1 80 00 48 8d 73 ff 48 8b 47 08 44 8b 16
0x00007ff93696a189:   49 d3 e2 4c 03 15 4d d1 80 00 8b 88 90 05 00 00
0x00007ff93696a199:   49 8b d2 48 8b 80 80 05 00 00 48 d3 ea 0f b7 14
0x00007ff93696a1a9:   50 0f b7 c2 66 c1 e8 08 84 c0 0f 88 17 ff ff ff
0x00007ff93696a1b9:   4d 8b 02 41 0f b6 c0 24 03 3c 03 75 1e 44 38 3d
0x00007ff93696a1c9:   c5 92 87 00 74 0f 41 0f b6 c0 24 07 3c 05 75 05
0x00007ff93696a1d9:   4d 8b c7 eb 17 49 83 e0 fc eb 11 4d 8b c8 48 8b
0x00007ff93696a1e9:   cf 4d 8b c2 e8 2e ef ff ff 4c 8b c0 8b 0d ed d0
0x00007ff93696a1f9:   80 00 49 8b d0 48 2b 15 db d0 80 00 48 d3 ea 89
0x00007ff93696a209:   16 49 8b d0 8b 0d fd 9a 87 00 48 33 d6 48 d3 ea
0x00007ff93696a219:   48 85 d2 0f 84 ae fe ff ff 48 8b 47 08 48 8b d6
0x00007ff93696a229:   8b 88 c0 01 00 00 48 8b 80 b0 01 00 00 48 d3 ea
0x00007ff93696a239:   48 8b 0c d0 8b 81 94 00 00 00 d1 e8 a8 01 0f 85
0x00007ff93696a249:   83 fe ff ff 48 8b 47 08 8b 88 90 05 00 00 48 8b
0x00007ff93696a259:   80 80 05 00 00 49 d3 e8 46 38 3c 40 0f 84 65 fe
0x00007ff93696a269:   ff ff 48 8b 47 60 48 c1 ee 09 48 8b 58 40 48 8b
0x00007ff93696a279:   48 38 48 03 de 48 2b d9 48 39 9f b0 01 00 00 0f
0x00007ff93696a289:   84 42 fe ff ff 48 8d 14 0b 48 8d 4f 18 e8 a5 40
0x00007ff93696a299:   00 00 48 89 9f b0 01 00 00 e9 29 fe ff ff f6 c3
0x00007ff93696a2a9:   03 0f 85 09 01 00 00 48 8b 47 08 4c 8b 13 49 8b 


Stack slot to memory mapping:
stack at sp + 0 slots: 0x0 is NULL
stack at sp + 1 slots: 0x00007ff936970100 jvm.dll
stack at sp + 2 slots: 0x0000000700000000 is an unknown value
stack at sp + 3 slots: 0x0000000000000009 is an unknown value
stack at sp + 4 slots: 0x00000146a29ded40 points into unknown readable memory: 0x000000ff0000ffff | ff ff 00 00 ff 00 00 00
stack at sp + 5 slots: 0x0000000000000001 is an unknown value
stack at sp + 6 slots: 0x0000000000000040 is an unknown value
stack at sp + 7 slots: 0x0000000ac20ffc60 points into unknown readable memory: 0x00007ff936fba960 | 60 a9 fb 36 f9 7f 00 00


---------------  P R O C E S S  ---------------

Threads class SMR info:
_java_thread_list=0x00000146ae5a0290, length=14, elements={
0x000001468b37a530, 0x00000146ae395e50, 0x00000146ae396be0, 0x00000146ae3ab4e0,
0x00000146ae3ad120, 0x00000146ae3b0a10, 0x00000146ae3b12e0, 0x00000146ae3c79a0,
0x00000146ae3c82b0, 0x00000146ae3c8bc0, 0x00000146ae4f91f0, 0x00000146ae4fb980,
0x00000146ae5adb30, 0x00000146ae5bdcb0
}

Java Threads: ( => current thread )
  0x000001468b37a530 JavaThread "main" [_thread_blocked, id=18272, stack(0x0000000ac0700000,0x0000000ac0800000)]
  0x00000146ae395e50 JavaThread "Reference Handler" daemon [_thread_blocked, id=5676, stack(0x0000000ac0e00000,0x0000000ac0f00000)]
  0x00000146ae396be0 JavaThread "Finalizer" daemon [_thread_blocked, id=2576, stack(0x0000000ac0f00000,0x0000000ac1000000)]
  0x00000146ae3ab4e0 JavaThread "Signal Dispatcher" daemon [_thread_blocked, id=1184, stack(0x0000000ac1000000,0x0000000ac1100000)]
  0x00000146ae3ad120 JavaThread "Attach Listener" daemon [_thread_blocked, id=7632, stack(0x0000000ac1100000,0x0000000ac1200000)]
  0x00000146ae3b0a10 JavaThread "Service Thread" daemon [_thread_blocked, id=4916, stack(0x0000000ac1200000,0x0000000ac1300000)]
  0x00000146ae3b12e0 JavaThread "Monitor Deflation Thread" daemon [_thread_blocked, id=13776, stack(0x0000000ac1300000,0x0000000ac1400000)]
  0x00000146ae3c79a0 JavaThread "C2 CompilerThread0" daemon [_thread_blocked, id=7812, stack(0x0000000ac1400000,0x0000000ac1500000)]
  0x00000146ae3c82b0 JavaThread "C1 CompilerThread0" daemon [_thread_blocked, id=32, stack(0x0000000ac1500000,0x0000000ac1600000)]
  0x00000146ae3c8bc0 JavaThread "Sweeper thread" daemon [_thread_blocked, id=17108, stack(0x0000000ac1600000,0x0000000ac1700000)]
  0x00000146ae4f91f0 JavaThread "Notification Thread" daemon [_thread_blocked, id=10640, stack(0x0000000ac1700000,0x0000000ac1800000)]
  0x00000146ae4fb980 JavaThread "Common-Cleaner" daemon [_thread_blocked, id=11836, stack(0x0000000ac1900000,0x0000000ac1a00000)]
  0x00000146ae5adb30 JavaThread "C2 CompilerThread1" daemon [_thread_blocked, id=8376, stack(0x0000000ac1a00000,0x0000000ac1b00000)]
  0x00000146ae5bdcb0 JavaThread "C2 CompilerThread2" daemon [_thread_blocked, id=16756, stack(0x0000000ac1b00000,0x0000000ac1c00000)]

Other Threads:
  0x00000146ae38ef20 VMThread "VM Thread" [stack: 0x0000000ac0d00000,0x0000000ac0e00000] [id=15716]
  0x00000146ae4f96d0 WatcherThread [stack: 0x0000000ac1800000,0x0000000ac1900000] [id=7704]
  0x000001468b3e8af0 GCTaskThread "GC Thread#0" [stack: 0x0000000ac0800000,0x0000000ac0900000] [id=6508]
  0x00000146ae5c0af0 GCTaskThread "GC Thread#1" [stack: 0x0000000ac1c00000,0x0000000ac1d00000] [id=15656]
  0x00000146ae5c0db0 GCTaskThread "GC Thread#2" [stack: 0x0000000ac1d00000,0x0000000ac1e00000] [id=12396]
  0x00000146ae5c1070 GCTaskThread "GC Thread#3" [stack: 0x0000000ac1e00000,0x0000000ac1f00000] [id=4592]
  0x00000146ae5c1330 GCTaskThread "GC Thread#4" [stack: 0x0000000ac1f00000,0x0000000ac2000000] [id=2684]
=>0x00000146ae5c15f0 GCTaskThread "GC Thread#5" [stack: 0x0000000ac2000000,0x0000000ac2100000] [id=10004]
  0x00000146f45c3d30 GCTaskThread "GC Thread#6" [stack: 0x0000000ac2600000,0x0000000ac2700000] [id=12156]
  0x00000146f40f9840 GCTaskThread "GC Thread#7" [stack: 0x0000000ac2700000,0x0000000ac2800000] [id=11848]
  0x000001468b3f97d0 ConcurrentGCThread "G1 Main Marker" [stack: 0x0000000ac0900000,0x0000000ac0a00000] [id=14220]
  0x000001468b3fa8a0 ConcurrentGCThread "G1 Conc#0" [stack: 0x0000000ac0a00000,0x0000000ac0b00000] [id=5816]
  0x000001468b40ec90 ConcurrentGCThread "G1 Refine#0" [stack: 0x0000000ac0b00000,0x0000000ac0c00000] [id=2160]
  0x00000146f42eeb70 ConcurrentGCThread "G1 Refine#1" [stack: 0x0000000ac2100000,0x0000000ac2200000] [id=15064]
  0x00000146f42e6270 ConcurrentGCThread "G1 Refine#2" [stack: 0x0000000ac2200000,0x0000000ac2300000] [id=10192]
  0x00000146f44fa860 ConcurrentGCThread "G1 Refine#3" [stack: 0x0000000ac2300000,0x0000000ac2400000] [id=1004]
  0x00000146f42307d0 ConcurrentGCThread "G1 Refine#4" [stack: 0x0000000ac2400000,0x0000000ac2500000] [id=17180]
  0x00000146f450af80 ConcurrentGCThread "G1 Refine#5" [stack: 0x0000000ac2500000,0x0000000ac2600000] [id=3584]
  0x00000146f432ec40 ConcurrentGCThread "G1 Refine#6" [stack: 0x0000000ac2800000,0x0000000ac2900000] [id=8616]
  0x00000146adcf9e90 ConcurrentGCThread "G1 Service" [stack: 0x0000000ac0c00000,0x0000000ac0d00000] [id=2704]

Threads with active compile tasks:
C2 CompilerThread0     1265  962   !   4       java.nio.file.FileTreeWalker::next (144 bytes)
C2 CompilerThread1     1265  958       4       jdk.nio.zipfs.ZipFileSystem::makeParentDirs (141 bytes)
C2 CompilerThread2     1265  911       4       java.nio.file.FileTreeIterator::fetchNextIfNeeded (65 bytes)

VM state: at safepoint (normal execution)

VM Mutex/Monitor currently owned by a thread:  ([mutex/lock_event])
[0x000001468b375750] Threads_lock - owner thread: 0x00000146ae38ef20
[0x000001468b375cf0] Heap_lock - owner thread: 0x000001468b37a530

Heap address: 0x0000000701800000, size: 4072 MB, Compressed Oops mode: Zero based, Oop shift amount: 3

CDS archive(s) mapped at: [0x00000146af000000-0x00000146afbb0000-0x00000146afbb0000), size 12255232, SharedBaseAddress: 0x00000146af000000, ArchiveRelocationMode: 1.
Compressed class space mapped at: 0x00000146b0000000-0x00000146f0000000, reserved size: 1073741824
Narrow klass base: 0x00000146af000000, Narrow klass shift: 0, Narrow klass range: 0x100000000

GC Precious Log:
 CPUs: 8 total, 8 available
 Memory: 16287M
 Large Page Support: Disabled
 NUMA Support: Disabled
 Compressed Oops: Enabled (Zero based)
 Heap Region Size: 2M
 Heap Min Capacity: 8M
 Heap Initial Capacity: 256M
 Heap Max Capacity: 4072M
 Pre-touch: Disabled
 Parallel Workers: 8
 Concurrent Workers: 2
 Concurrent Refinement Workers: 8
 Periodic GC: Disabled

Heap:
 garbage-first heap   total 565248K, used 159744K [0x0000000701800000, 0x0000000800000000)
  region size 2048K, 13 young (26624K), 2 survivors (4096K)
 Metaspace       used 2185K, committed 2304K, reserved 1114112K
  class space    used 212K, committed 256K, reserved 1048576K

Heap Regions: E=young(eden), S=young(survivor), O=old, HS=humongous(starts), HC=humongous(continues), CS=collection set, F=free, OA=open archive, CA=closed archive, TAMS=top-at-mark-start (previous, next)
|   0|0x0000000701800000, 0x0000000701a00000, 0x0000000701a00000|100%| O|  |TAMS 0x0000000701800000, 0x0000000701800000| Untracked 
|   1|0x0000000701a00000, 0x0000000701c00000, 0x0000000701c00000|100%| O|  |TAMS 0x0000000701a00000, 0x0000000701a00000| Untracked 
|   2|0x0000000701c00000, 0x0000000701e00000, 0x0000000701e00000|100%| O|  |TAMS 0x0000000701c00000, 0x0000000701c00000| Untracked 
|   3|0x0000000701e00000, 0x0000000702000000, 0x0000000702000000|100%| O|  |TAMS 0x0000000701e00000, 0x0000000701e00000| Untracked 
|   4|0x0000000702000000, 0x0000000702200000, 0x0000000702200000|100%| O|  |TAMS 0x0000000702000000, 0x0000000702000000| Untracked 
|   5|0x0000000702200000, 0x0000000702400000, 0x0000000702400000|100%| O|  |TAMS 0x0000000702200000, 0x0000000702200000| Untracked 
|   6|0x0000000702400000, 0x0000000702600000, 0x0000000702600000|100%| O|  |TAMS 0x0000000702400000, 0x0000000702400000| Untracked 
|   7|0x0000000702600000, 0x0000000702800000, 0x0000000702800000|100%| O|  |TAMS 0x0000000702600000, 0x0000000702600000| Untracked 
|   8|0x0000000702800000, 0x0000000702a00000, 0x0000000702a00000|100%| O|  |TAMS 0x0000000702800000, 0x0000000702800000| Untracked 
|   9|0x0000000702a00000, 0x0000000702c00000, 0x0000000702c00000|100%| O|  |TAMS 0x0000000702a00000, 0x0000000702a00000| Untracked 
|  10|0x0000000702c00000, 0x0000000702e00000, 0x0000000702e00000|100%| O|  |TAMS 0x0000000702c00000, 0x0000000702c00000| Untracked 
|  11|0x0000000702e00000, 0x0000000703000000, 0x0000000703000000|100%| O|  |TAMS 0x0000000702e00000, 0x0000000702e00000| Untracked 
|  12|0x0000000703000000, 0x0000000703200000, 0x0000000703200000|100%| O|  |TAMS 0x0000000703000000, 0x0000000703000000| Untracked 
|  13|0x0000000703200000, 0x0000000703400000, 0x0000000703400000|100%| O|  |TAMS 0x0000000703200000, 0x0000000703200000| Untracked 
|  14|0x0000000703400000, 0x0000000703600000, 0x0000000703600000|100%| O|  |TAMS 0x0000000703400000, 0x0000000703400000| Untracked 
|  15|0x0000000703600000, 0x0000000703800000, 0x0000000703800000|100%| O|  |TAMS 0x0000000703600000, 0x0000000703600000| Untracked 
|  16|0x0000000703800000, 0x0000000703a00000, 0x0000000703a00000|100%| O|  |TAMS 0x0000000703800000, 0x0000000703800000| Untracked 
|  17|0x0000000703a00000, 0x0000000703c00000, 0x0000000703c00000|100%| O|  |TAMS 0x0000000703a00000, 0x0000000703a00000| Untracked 
|  18|0x0000000703c00000, 0x0000000703e00000, 0x0000000703e00000|100%| O|  |TAMS 0x0000000703c00000, 0x0000000703c00000| Untracked 
|  19|0x0000000703e00000, 0x0000000704000000, 0x0000000704000000|100%| O|  |TAMS 0x0000000703e00000, 0x0000000703e00000| Untracked 
|  20|0x0000000704000000, 0x0000000704200000, 0x0000000704200000|100%| O|  |TAMS 0x0000000704000000, 0x0000000704000000| Untracked 
|  21|0x0000000704200000, 0x0000000704400000, 0x0000000704400000|100%| O|  |TAMS 0x0000000704200000, 0x0000000704200000| Untracked 
|  22|0x0000000704400000, 0x0000000704600000, 0x0000000704600000|100%| O|  |TAMS 0x0000000704400000, 0x0000000704400000| Untracked 
|  23|0x0000000704600000, 0x0000000704800000, 0x0000000704800000|100%| O|  |TAMS 0x0000000704600000, 0x0000000704600000| Untracked 
|  24|0x0000000704800000, 0x0000000704a00000, 0x0000000704a00000|100%| O|  |TAMS 0x0000000704800000, 0x0000000704800000| Untracked 
|  25|0x0000000704a00000, 0x0000000704c00000, 0x0000000704c00000|100%| O|  |TAMS 0x0000000704a00000, 0x0000000704a00000| Untracked 
|  26|0x0000000704c00000, 0x0000000704e00000, 0x0000000704e00000|100%| O|  |TAMS 0x0000000704c00000, 0x0000000704c00000| Untracked 
|  27|0x0000000704e00000, 0x0000000705000000, 0x0000000705000000|100%| O|  |TAMS 0x0000000704e00000, 0x0000000704e00000| Untracked 
|  28|0x0000000705000000, 0x0000000705200000, 0x0000000705200000|100%| O|  |TAMS 0x0000000705000000, 0x0000000705000000| Untracked 
|  29|0x0000000705200000, 0x0000000705400000, 0x0000000705400000|100%| O|  |TAMS 0x0000000705200000, 0x0000000705200000| Untracked 
|  30|0x0000000705400000, 0x0000000705600000, 0x0000000705600000|100%| O|  |TAMS 0x0000000705400000, 0x0000000705400000| Untracked 
|  31|0x0000000705600000, 0x0000000705800000, 0x0000000705800000|100%| O|  |TAMS 0x0000000705600000, 0x0000000705600000| Untracked 
|  32|0x0000000705800000, 0x0000000705a00000, 0x0000000705a00000|100%| O|  |TAMS 0x0000000705800000, 0x0000000705800000| Untracked 
|  33|0x0000000705a00000, 0x0000000705c00000, 0x0000000705c00000|100%| O|  |TAMS 0x0000000705a00000, 0x0000000705a00000| Untracked 
|  34|0x0000000705c00000, 0x0000000705e00000, 0x0000000705e00000|100%| O|  |TAMS 0x0000000705c00000, 0x0000000705c00000| Untracked 
|  35|0x0000000705e00000, 0x0000000706000000, 0x0000000706000000|100%| O|  |TAMS 0x0000000705e00000, 0x0000000705e00000| Untracked 
|  36|0x0000000706000000, 0x0000000706200000, 0x0000000706200000|100%| O|  |TAMS 0x0000000706000000, 0x0000000706000000| Untracked 
|  37|0x0000000706200000, 0x0000000706400000, 0x0000000706400000|100%| O|  |TAMS 0x0000000706200000, 0x0000000706200000| Untracked 
|  38|0x0000000706400000, 0x0000000706600000, 0x0000000706600000|100%| O|  |TAMS 0x0000000706400000, 0x0000000706400000| Untracked 
|  39|0x0000000706600000, 0x0000000706800000, 0x0000000706800000|100%| O|  |TAMS 0x0000000706600000, 0x0000000706600000| Untracked 
|  40|0x0000000706800000, 0x0000000706a00000, 0x0000000706a00000|100%| O|  |TAMS 0x0000000706800000, 0x0000000706800000| Untracked 
|  41|0x0000000706a00000, 0x0000000706c00000, 0x0000000706c00000|100%| O|  |TAMS 0x0000000706a00000, 0x0000000706a00000| Untracked 
|  42|0x0000000706c00000, 0x0000000706e00000, 0x0000000706e00000|100%| O|  |TAMS 0x0000000706c00000, 0x0000000706c00000| Untracked 
|  43|0x0000000706e00000, 0x0000000707000000, 0x0000000707000000|100%| O|  |TAMS 0x0000000706e00000, 0x0000000706e00000| Untracked 
|  44|0x0000000707000000, 0x0000000707200000, 0x0000000707200000|100%| O|  |TAMS 0x0000000707000000, 0x0000000707000000| Untracked 
|  45|0x0000000707200000, 0x0000000707400000, 0x0000000707400000|100%| O|  |TAMS 0x0000000707200000, 0x0000000707200000| Untracked 
|  46|0x0000000707400000, 0x0000000707600000, 0x0000000707600000|100%| O|  |TAMS 0x0000000707400000, 0x0000000707400000| Untracked 
|  47|0x0000000707600000, 0x0000000707800000, 0x0000000707800000|100%| O|  |TAMS 0x0000000707600000, 0x0000000707600000| Untracked 
|  48|0x0000000707800000, 0x0000000707a00000, 0x0000000707a00000|100%| O|  |TAMS 0x0000000707800000, 0x0000000707800000| Untracked 
|  49|0x0000000707a00000, 0x0000000707c00000, 0x0000000707c00000|100%| O|  |TAMS 0x0000000707a00000, 0x0000000707a00000| Untracked 
|  50|0x0000000707c00000, 0x0000000707e00000, 0x0000000707e00000|100%| O|  |TAMS 0x0000000707c00000, 0x0000000707c00000| Untracked 
|  51|0x0000000707e00000, 0x0000000708000000, 0x0000000708000000|100%| O|  |TAMS 0x0000000707e00000, 0x0000000707e00000| Untracked 
|  52|0x0000000708000000, 0x0000000708200000, 0x0000000708200000|100%| O|  |TAMS 0x0000000708000000, 0x0000000708000000| Untracked 
|  53|0x0000000708200000, 0x0000000708400000, 0x0000000708400000|100%| O|  |TAMS 0x0000000708200000, 0x0000000708200000| Untracked 
|  54|0x0000000708400000, 0x0000000708600000, 0x0000000708600000|100%| O|  |TAMS 0x0000000708400000, 0x0000000708400000| Untracked 
|  55|0x0000000708600000, 0x0000000708800000, 0x0000000708800000|100%| O|  |TAMS 0x0000000708600000, 0x0000000708600000| Untracked 
|  56|0x0000000708800000, 0x0000000708a00000, 0x0000000708a00000|100%| O|  |TAMS 0x0000000708800000, 0x0000000708800000| Untracked 
|  57|0x0000000708a00000, 0x0000000708c00000, 0x0000000708c00000|100%| O|  |TAMS 0x0000000708a00000, 0x0000000708a00000| Untracked 
|  58|0x0000000708c00000, 0x0000000708e00000, 0x0000000708e00000|100%| O|  |TAMS 0x0000000708c00000, 0x0000000708c00000| Untracked 
|  59|0x0000000708e00000, 0x0000000709000000, 0x0000000709000000|100%| O|  |TAMS 0x0000000708e00000, 0x0000000708e00000| Untracked 
|  60|0x0000000709000000, 0x0000000709200000, 0x0000000709200000|100%| O|  |TAMS 0x0000000709000000, 0x0000000709000000| Untracked 
|  61|0x0000000709200000, 0x0000000709400000, 0x0000000709400000|100%| O|  |TAMS 0x0000000709200000, 0x0000000709200000| Untracked 
|  62|0x0000000709400000, 0x0000000709600000, 0x0000000709600000|100%|HS|  |TAMS 0x0000000709400000, 0x0000000709400000| Complete 
|  63|0x0000000709600000, 0x0000000709800000, 0x0000000709800000|100%| O|  |TAMS 0x0000000709600000, 0x0000000709600000| Untracked 
|  64|0x0000000709800000, 0x0000000709a00000, 0x0000000709a00000|100%| O|  |TAMS 0x0000000709800000, 0x0000000709800000| Untracked 
|  65|0x0000000709a00000, 0x0000000709c00000, 0x0000000709c00000|100%| O|  |TAMS 0x0000000709a00000, 0x0000000709a00000| Untracked 
|  66|0x0000000709c00000, 0x0000000709e00000, 0x0000000709e00000|100%| O|  |TAMS 0x0000000709c00000, 0x0000000709c00000| Untracked 
|  67|0x0000000709e00000, 0x000000070a000000, 0x000000070a000000|100%| O|  |TAMS 0x0000000709e00000, 0x0000000709e00000| Untracked 
|  68|0x000000070a000000, 0x000000070a200000, 0x000000070a200000|100%| O|  |TAMS 0x000000070a000000, 0x000000070a000000| Untracked 
|  69|0x000000070a200000, 0x000000070a400000, 0x000000070a400000|100%| O|  |TAMS 0x000000070a200000, 0x000000070a200000| Untracked 
|  70|0x000000070a400000, 0x000000070a400000, 0x000000070a600000|  0%| F|  |TAMS 0x000000070a400000, 0x000000070a400000| Untracked 
|  71|0x000000070a600000, 0x000000070a600000, 0x000000070a800000|  0%| F|  |TAMS 0x000000070a600000, 0x000000070a600000| Untracked 
|  72|0x000000070a800000, 0x000000070a800000, 0x000000070aa00000|  0%| F|  |TAMS 0x000000070a800000, 0x000000070a800000| Untracked 
|  73|0x000000070aa00000, 0x000000070aa00000, 0x000000070ac00000|  0%| F|  |TAMS 0x000000070aa00000, 0x000000070aa00000| Untracked 
|  74|0x000000070ac00000, 0x000000070ac00000, 0x000000070ae00000|  0%| F|  |TAMS 0x000000070ac00000, 0x000000070ac00000| Untracked 
|  75|0x000000070ae00000, 0x000000070ae00000, 0x000000070b000000|  0%| F|  |TAMS 0x000000070ae00000, 0x000000070ae00000| Untracked 
|  76|0x000000070b000000, 0x000000070b000000, 0x000000070b200000|  0%| F|  |TAMS 0x000000070b000000, 0x000000070b000000| Untracked 
|  77|0x000000070b200000, 0x000000070b200000, 0x000000070b400000|  0%| F|  |TAMS 0x000000070b200000, 0x000000070b200000| Untracked 
|  78|0x000000070b400000, 0x000000070b400000, 0x000000070b600000|  0%| F|  |TAMS 0x000000070b400000, 0x000000070b400000| Untracked 
|  79|0x000000070b600000, 0x000000070b600000, 0x000000070b800000|  0%| F|  |TAMS 0x000000070b600000, 0x000000070b600000| Untracked 
|  80|0x000000070b800000, 0x000000070b800000, 0x000000070ba00000|  0%| F|  |TAMS 0x000000070b800000, 0x000000070b800000| Untracked 
|  81|0x000000070ba00000, 0x000000070ba00000, 0x000000070bc00000|  0%| F|  |TAMS 0x000000070ba00000, 0x000000070ba00000| Untracked 
|  82|0x000000070bc00000, 0x000000070bc00000, 0x000000070be00000|  0%| F|  |TAMS 0x000000070bc00000, 0x000000070bc00000| Untracked 
|  83|0x000000070be00000, 0x000000070be00000, 0x000000070c000000|  0%| F|  |TAMS 0x000000070be00000, 0x000000070be00000| Untracked 
|  84|0x000000070c000000, 0x000000070c000000, 0x000000070c200000|  0%| F|  |TAMS 0x000000070c000000, 0x000000070c000000| Untracked 
|  85|0x000000070c200000, 0x000000070c200000, 0x000000070c400000|  0%| F|  |TAMS 0x000000070c200000, 0x000000070c200000| Untracked 
|  86|0x000000070c400000, 0x000000070c400000, 0x000000070c600000|  0%| F|  |TAMS 0x000000070c400000, 0x000000070c400000| Untracked 
|  87|0x000000070c600000, 0x000000070c600000, 0x000000070c800000|  0%| F|  |TAMS 0x000000070c600000, 0x000000070c600000| Untracked 
|  88|0x000000070c800000, 0x000000070c800000, 0x000000070ca00000|  0%| F|  |TAMS 0x000000070c800000, 0x000000070c800000| Untracked 
|  89|0x000000070ca00000, 0x000000070ca00000, 0x000000070cc00000|  0%| F|  |TAMS 0x000000070ca00000, 0x000000070ca00000| Untracked 
|  90|0x000000070cc00000, 0x000000070cc00000, 0x000000070ce00000|  0%| F|  |TAMS 0x000000070cc00000, 0x000000070cc00000| Untracked 
|  91|0x000000070ce00000, 0x000000070ce00000, 0x000000070d000000|  0%| F|  |TAMS 0x000000070ce00000, 0x000000070ce00000| Untracked 
|  92|0x000000070d000000, 0x000000070d000000, 0x000000070d200000|  0%| F|  |TAMS 0x000000070d000000, 0x000000070d000000| Untracked 
|  93|0x000000070d200000, 0x000000070d200000, 0x000000070d400000|  0%| F|  |TAMS 0x000000070d200000, 0x000000070d200000| Untracked 
|  94|0x000000070d400000, 0x000000070d400000, 0x000000070d600000|  0%| F|  |TAMS 0x000000070d400000, 0x000000070d400000| Untracked 
|  95|0x000000070d600000, 0x000000070d600000, 0x000000070d800000|  0%| F|  |TAMS 0x000000070d600000, 0x000000070d600000| Untracked 
|  96|0x000000070d800000, 0x000000070d800000, 0x000000070da00000|  0%| F|  |TAMS 0x000000070d800000, 0x000000070d800000| Untracked 
|  97|0x000000070da00000, 0x000000070da00000, 0x000000070dc00000|  0%| F|  |TAMS 0x000000070da00000, 0x000000070da00000| Untracked 
|  98|0x000000070dc00000, 0x000000070dc00000, 0x000000070de00000|  0%| F|  |TAMS 0x000000070dc00000, 0x000000070dc00000| Untracked 
|  99|0x000000070de00000, 0x000000070de00000, 0x000000070e000000|  0%| F|  |TAMS 0x000000070de00000, 0x000000070de00000| Untracked 
| 100|0x000000070e000000, 0x000000070e000000, 0x000000070e200000|  0%| F|  |TAMS 0x000000070e000000, 0x000000070e000000| Untracked 
| 101|0x000000070e200000, 0x000000070e200000, 0x000000070e400000|  0%| F|  |TAMS 0x000000070e200000, 0x000000070e200000| Untracked 
| 102|0x000000070e400000, 0x000000070e400000, 0x000000070e600000|  0%| F|  |TAMS 0x000000070e400000, 0x000000070e400000| Untracked 
| 103|0x000000070e600000, 0x000000070e600000, 0x000000070e800000|  0%| F|  |TAMS 0x000000070e600000, 0x000000070e600000| Untracked 
| 104|0x000000070e800000, 0x000000070e800000, 0x000000070ea00000|  0%| F|  |TAMS 0x000000070e800000, 0x000000070e800000| Untracked 
| 105|0x000000070ea00000, 0x000000070ea00000, 0x000000070ec00000|  0%| F|  |TAMS 0x000000070ea00000, 0x000000070ea00000| Untracked 
| 106|0x000000070ec00000, 0x000000070ec00000, 0x000000070ee00000|  0%| F|  |TAMS 0x000000070ec00000, 0x000000070ec00000| Untracked 
| 107|0x000000070ee00000, 0x000000070ee00000, 0x000000070f000000|  0%| F|  |TAMS 0x000000070ee00000, 0x000000070ee00000| Untracked 
| 108|0x000000070f000000, 0x000000070f000000, 0x000000070f200000|  0%| F|  |TAMS 0x000000070f000000, 0x000000070f000000| Untracked 
| 109|0x000000070f200000, 0x000000070f200000, 0x000000070f400000|  0%| F|  |TAMS 0x000000070f200000, 0x000000070f200000| Untracked 
| 110|0x000000070f400000, 0x000000070f400000, 0x000000070f600000|  0%| F|  |TAMS 0x000000070f400000, 0x000000070f400000| Untracked 
| 111|0x000000070f600000, 0x000000070f600000, 0x000000070f800000|  0%| F|  |TAMS 0x000000070f600000, 0x000000070f600000| Untracked 
| 112|0x000000070f800000, 0x000000070f800000, 0x000000070fa00000|  0%| F|  |TAMS 0x000000070f800000, 0x000000070f800000| Untracked 
| 113|0x000000070fa00000, 0x000000070fa00000, 0x000000070fc00000|  0%| F|  |TAMS 0x000000070fa00000, 0x000000070fa00000| Untracked 
| 114|0x000000070fc00000, 0x000000070fc00000, 0x000000070fe00000|  0%| F|  |TAMS 0x000000070fc00000, 0x000000070fc00000| Untracked 
| 115|0x000000070fe00000, 0x000000070fe00000, 0x0000000710000000|  0%| F|  |TAMS 0x000000070fe00000, 0x000000070fe00000| Untracked 
| 116|0x0000000710000000, 0x0000000710000000, 0x0000000710200000|  0%| F|  |TAMS 0x0000000710000000, 0x0000000710000000| Untracked 
| 117|0x0000000710200000, 0x0000000710200000, 0x0000000710400000|  0%| F|  |TAMS 0x0000000710200000, 0x0000000710200000| Untracked 
| 118|0x0000000710400000, 0x0000000710400000, 0x0000000710600000|  0%| F|  |TAMS 0x0000000710400000, 0x0000000710400000| Untracked 
| 119|0x0000000710600000, 0x0000000710600000, 0x0000000710800000|  0%| F|  |TAMS 0x0000000710600000, 0x0000000710600000| Untracked 
| 120|0x0000000710800000, 0x0000000710800000, 0x0000000710a00000|  0%| F|  |TAMS 0x0000000710800000, 0x0000000710800000| Untracked 
| 121|0x0000000710a00000, 0x0000000710a00000, 0x0000000710c00000|  0%| F|  |TAMS 0x0000000710a00000, 0x0000000710a00000| Untracked 
| 122|0x0000000710c00000, 0x0000000710c00000, 0x0000000710e00000|  0%| F|  |TAMS 0x0000000710c00000, 0x0000000710c00000| Untracked 
| 123|0x0000000710e00000, 0x0000000710e00000, 0x0000000711000000|  0%| F|  |TAMS 0x0000000710e00000, 0x0000000710e00000| Untracked 
| 124|0x0000000711000000, 0x0000000711000000, 0x0000000711200000|  0%| F|  |TAMS 0x0000000711000000, 0x0000000711000000| Untracked 
| 125|0x0000000711200000, 0x0000000711200000, 0x0000000711400000|  0%| F|  |TAMS 0x0000000711200000, 0x0000000711200000| Untracked 
| 126|0x0000000711400000, 0x0000000711400000, 0x0000000711600000|  0%| F|  |TAMS 0x0000000711400000, 0x0000000711400000| Untracked 
| 127|0x0000000711600000, 0x0000000711600000, 0x0000000711800000|  0%| F|  |TAMS 0x0000000711600000, 0x0000000711600000| Untracked 
| 128|0x0000000711800000, 0x0000000711800000, 0x0000000711a00000|  0%| F|  |TAMS 0x0000000711800000, 0x0000000711800000| Untracked 
| 129|0x0000000711a00000, 0x0000000711a00000, 0x0000000711c00000|  0%| F|  |TAMS 0x0000000711a00000, 0x0000000711a00000| Untracked 
| 130|0x0000000711c00000, 0x0000000711c00000, 0x0000000711e00000|  0%| F|  |TAMS 0x0000000711c00000, 0x0000000711c00000| Untracked 
| 131|0x0000000711e00000, 0x0000000711e00000, 0x0000000712000000|  0%| F|  |TAMS 0x0000000711e00000, 0x0000000711e00000| Untracked 
| 132|0x0000000712000000, 0x0000000712000000, 0x0000000712200000|  0%| F|  |TAMS 0x0000000712000000, 0x0000000712000000| Untracked 
| 133|0x0000000712200000, 0x0000000712200000, 0x0000000712400000|  0%| F|  |TAMS 0x0000000712200000, 0x0000000712200000| Untracked 
| 134|0x0000000712400000, 0x0000000712400000, 0x0000000712600000|  0%| F|  |TAMS 0x0000000712400000, 0x0000000712400000| Untracked 
| 135|0x0000000712600000, 0x0000000712600000, 0x0000000712800000|  0%| F|  |TAMS 0x0000000712600000, 0x0000000712600000| Untracked 
| 136|0x0000000712800000, 0x0000000712800000, 0x0000000712a00000|  0%| F|  |TAMS 0x0000000712800000, 0x0000000712800000| Untracked 
| 137|0x0000000712a00000, 0x0000000712a00000, 0x0000000712c00000|  0%| F|  |TAMS 0x0000000712a00000, 0x0000000712a00000| Untracked 
| 138|0x0000000712c00000, 0x0000000712c00000, 0x0000000712e00000|  0%| F|  |TAMS 0x0000000712c00000, 0x0000000712c00000| Untracked 
| 139|0x0000000712e00000, 0x0000000712e00000, 0x0000000713000000|  0%| F|  |TAMS 0x0000000712e00000, 0x0000000712e00000| Untracked 
| 140|0x0000000713000000, 0x0000000713000000, 0x0000000713200000|  0%| F|  |TAMS 0x0000000713000000, 0x0000000713000000| Untracked 
| 141|0x0000000713200000, 0x0000000713200000, 0x0000000713400000|  0%| F|  |TAMS 0x0000000713200000, 0x0000000713200000| Untracked 
| 142|0x0000000713400000, 0x0000000713400000, 0x0000000713600000|  0%| F|  |TAMS 0x0000000713400000, 0x0000000713400000| Untracked 
| 143|0x0000000713600000, 0x0000000713600000, 0x0000000713800000|  0%| F|  |TAMS 0x0000000713600000, 0x0000000713600000| Untracked 
| 144|0x0000000713800000, 0x0000000713800000, 0x0000000713a00000|  0%| F|  |TAMS 0x0000000713800000, 0x0000000713800000| Untracked 
| 145|0x0000000713a00000, 0x0000000713a00000, 0x0000000713c00000|  0%| F|  |TAMS 0x0000000713a00000, 0x0000000713a00000| Untracked 
| 146|0x0000000713c00000, 0x0000000713c00000, 0x0000000713e00000|  0%| F|  |TAMS 0x0000000713c00000, 0x0000000713c00000| Untracked 
| 147|0x0000000713e00000, 0x0000000713e00000, 0x0000000714000000|  0%| F|  |TAMS 0x0000000713e00000, 0x0000000713e00000| Untracked 
| 148|0x0000000714000000, 0x0000000714000000, 0x0000000714200000|  0%| F|  |TAMS 0x0000000714000000, 0x0000000714000000| Untracked 
| 149|0x0000000714200000, 0x0000000714200000, 0x0000000714400000|  0%| F|  |TAMS 0x0000000714200000, 0x0000000714200000| Untracked 
| 150|0x0000000714400000, 0x0000000714400000, 0x0000000714600000|  0%| F|  |TAMS 0x0000000714400000, 0x0000000714400000| Untracked 
| 151|0x0000000714600000, 0x0000000714600000, 0x0000000714800000|  0%| F|  |TAMS 0x0000000714600000, 0x0000000714600000| Untracked 
| 152|0x0000000714800000, 0x0000000714800000, 0x0000000714a00000|  0%| F|  |TAMS 0x0000000714800000, 0x0000000714800000| Untracked 
| 153|0x0000000714a00000, 0x0000000714a00000, 0x0000000714c00000|  0%| F|  |TAMS 0x0000000714a00000, 0x0000000714a00000| Untracked 
| 154|0x0000000714c00000, 0x0000000714c00000, 0x0000000714e00000|  0%| F|  |TAMS 0x0000000714c00000, 0x0000000714c00000| Untracked 
| 155|0x0000000714e00000, 0x0000000714e00000, 0x0000000715000000|  0%| F|  |TAMS 0x0000000714e00000, 0x0000000714e00000| Untracked 
| 156|0x0000000715000000, 0x0000000715000000, 0x0000000715200000|  0%| F|  |TAMS 0x0000000715000000, 0x0000000715000000| Untracked 
| 157|0x0000000715200000, 0x0000000715200000, 0x0000000715400000|  0%| F|  |TAMS 0x0000000715200000, 0x0000000715200000| Untracked 
| 158|0x0000000715400000, 0x0000000715400000, 0x0000000715600000|  0%| F|  |TAMS 0x0000000715400000, 0x0000000715400000| Untracked 
| 159|0x0000000715600000, 0x0000000715600000, 0x0000000715800000|  0%| F|  |TAMS 0x0000000715600000, 0x0000000715600000| Untracked 
| 160|0x0000000715800000, 0x0000000715800000, 0x0000000715a00000|  0%| F|  |TAMS 0x0000000715800000, 0x0000000715800000| Untracked 
| 161|0x0000000715a00000, 0x0000000715a00000, 0x0000000715c00000|  0%| F|  |TAMS 0x0000000715a00000, 0x0000000715a00000| Untracked 
| 162|0x0000000715c00000, 0x0000000715c00000, 0x0000000715e00000|  0%| F|  |TAMS 0x0000000715c00000, 0x0000000715c00000| Untracked 
| 163|0x0000000715e00000, 0x0000000715e00000, 0x0000000716000000|  0%| F|  |TAMS 0x0000000715e00000, 0x0000000715e00000| Untracked 
| 164|0x0000000716000000, 0x0000000716000000, 0x0000000716200000|  0%| F|  |TAMS 0x0000000716000000, 0x0000000716000000| Untracked 
| 165|0x0000000716200000, 0x0000000716200000, 0x0000000716400000|  0%| F|  |TAMS 0x0000000716200000, 0x0000000716200000| Untracked 
| 166|0x0000000716400000, 0x0000000716400000, 0x0000000716600000|  0%| F|  |TAMS 0x0000000716400000, 0x0000000716400000| Untracked 
| 167|0x0000000716600000, 0x0000000716600000, 0x0000000716800000|  0%| F|  |TAMS 0x0000000716600000, 0x0000000716600000| Untracked 
| 168|0x0000000716800000, 0x0000000716800000, 0x0000000716a00000|  0%| F|  |TAMS 0x0000000716800000, 0x0000000716800000| Untracked 
| 169|0x0000000716a00000, 0x0000000716a00000, 0x0000000716c00000|  0%| F|  |TAMS 0x0000000716a00000, 0x0000000716a00000| Untracked 
| 170|0x0000000716c00000, 0x0000000716c00000, 0x0000000716e00000|  0%| F|  |TAMS 0x0000000716c00000, 0x0000000716c00000| Untracked 
| 171|0x0000000716e00000, 0x0000000716e00000, 0x0000000717000000|  0%| F|  |TAMS 0x0000000716e00000, 0x0000000716e00000| Untracked 
| 172|0x0000000717000000, 0x0000000717000000, 0x0000000717200000|  0%| F|  |TAMS 0x0000000717000000, 0x0000000717000000| Untracked 
| 173|0x0000000717200000, 0x0000000717200000, 0x0000000717400000|  0%| F|  |TAMS 0x0000000717200000, 0x0000000717200000| Untracked 
| 174|0x0000000717400000, 0x0000000717400000, 0x0000000717600000|  0%| F|  |TAMS 0x0000000717400000, 0x0000000717400000| Untracked 
| 175|0x0000000717600000, 0x0000000717600000, 0x0000000717800000|  0%| F|  |TAMS 0x0000000717600000, 0x0000000717600000| Untracked 
| 176|0x0000000717800000, 0x0000000717800000, 0x0000000717a00000|  0%| F|  |TAMS 0x0000000717800000, 0x0000000717800000| Untracked 
| 177|0x0000000717a00000, 0x0000000717a00000, 0x0000000717c00000|  0%| F|  |TAMS 0x0000000717a00000, 0x0000000717a00000| Untracked 
| 178|0x0000000717c00000, 0x0000000717c00000, 0x0000000717e00000|  0%| F|  |TAMS 0x0000000717c00000, 0x0000000717c00000| Untracked 
| 179|0x0000000717e00000, 0x0000000717e00000, 0x0000000718000000|  0%| F|  |TAMS 0x0000000717e00000, 0x0000000717e00000| Untracked 
| 180|0x0000000718000000, 0x0000000718000000, 0x0000000718200000|  0%| F|  |TAMS 0x0000000718000000, 0x0000000718000000| Untracked 
| 181|0x0000000718200000, 0x0000000718200000, 0x0000000718400000|  0%| F|  |TAMS 0x0000000718200000, 0x0000000718200000| Untracked 
| 182|0x0000000718400000, 0x0000000718400000, 0x0000000718600000|  0%| F|  |TAMS 0x0000000718400000, 0x0000000718400000| Untracked 
| 183|0x0000000718600000, 0x0000000718600000, 0x0000000718800000|  0%| F|  |TAMS 0x0000000718600000, 0x0000000718600000| Untracked 
| 184|0x0000000718800000, 0x0000000718800000, 0x0000000718a00000|  0%| F|  |TAMS 0x0000000718800000, 0x0000000718800000| Untracked 
| 185|0x0000000718a00000, 0x0000000718a00000, 0x0000000718c00000|  0%| F|  |TAMS 0x0000000718a00000, 0x0000000718a00000| Untracked 
| 186|0x0000000718c00000, 0x0000000718c00000, 0x0000000718e00000|  0%| F|  |TAMS 0x0000000718c00000, 0x0000000718c00000| Untracked 
| 187|0x0000000718e00000, 0x0000000718e00000, 0x0000000719000000|  0%| F|  |TAMS 0x0000000718e00000, 0x0000000718e00000| Untracked 
| 188|0x0000000719000000, 0x0000000719000000, 0x0000000719200000|  0%| F|  |TAMS 0x0000000719000000, 0x0000000719000000| Untracked 
| 189|0x0000000719200000, 0x0000000719200000, 0x0000000719400000|  0%| F|  |TAMS 0x0000000719200000, 0x0000000719200000| Untracked 
| 190|0x0000000719400000, 0x0000000719400000, 0x0000000719600000|  0%| F|  |TAMS 0x0000000719400000, 0x0000000719400000| Untracked 
| 191|0x0000000719600000, 0x0000000719600000, 0x0000000719800000|  0%| F|  |TAMS 0x0000000719600000, 0x0000000719600000| Untracked 
| 192|0x0000000719800000, 0x0000000719800000, 0x0000000719a00000|  0%| F|  |TAMS 0x0000000719800000, 0x0000000719800000| Untracked 
| 193|0x0000000719a00000, 0x0000000719a00000, 0x0000000719c00000|  0%| F|  |TAMS 0x0000000719a00000, 0x0000000719a00000| Untracked 
| 194|0x0000000719c00000, 0x0000000719c00000, 0x0000000719e00000|  0%| F|  |TAMS 0x0000000719c00000, 0x0000000719c00000| Untracked 
| 195|0x0000000719e00000, 0x0000000719e00000, 0x000000071a000000|  0%| F|  |TAMS 0x0000000719e00000, 0x0000000719e00000| Untracked 
| 196|0x000000071a000000, 0x000000071a000000, 0x000000071a200000|  0%| F|  |TAMS 0x000000071a000000, 0x000000071a000000| Untracked 
| 197|0x000000071a200000, 0x000000071a200000, 0x000000071a400000|  0%| F|  |TAMS 0x000000071a200000, 0x000000071a200000| Untracked 
| 198|0x000000071a400000, 0x000000071a400000, 0x000000071a600000|  0%| F|  |TAMS 0x000000071a400000, 0x000000071a400000| Untracked 
| 199|0x000000071a600000, 0x000000071a600000, 0x000000071a800000|  0%| F|  |TAMS 0x000000071a600000, 0x000000071a600000| Untracked 
| 200|0x000000071a800000, 0x000000071a800000, 0x000000071aa00000|  0%| F|  |TAMS 0x000000071a800000, 0x000000071a800000| Untracked 
| 201|0x000000071aa00000, 0x000000071aa00000, 0x000000071ac00000|  0%| F|  |TAMS 0x000000071aa00000, 0x000000071aa00000| Untracked 
| 202|0x000000071ac00000, 0x000000071ac00000, 0x000000071ae00000|  0%| F|  |TAMS 0x000000071ac00000, 0x000000071ac00000| Untracked 
| 203|0x000000071ae00000, 0x000000071ae00000, 0x000000071b000000|  0%| F|  |TAMS 0x000000071ae00000, 0x000000071ae00000| Untracked 
| 204|0x000000071b000000, 0x000000071b000000, 0x000000071b200000|  0%| F|  |TAMS 0x000000071b000000, 0x000000071b000000| Untracked 
| 205|0x000000071b200000, 0x000000071b200000, 0x000000071b400000|  0%| F|  |TAMS 0x000000071b200000, 0x000000071b200000| Untracked 
| 206|0x000000071b400000, 0x000000071b400000, 0x000000071b600000|  0%| F|  |TAMS 0x000000071b400000, 0x000000071b400000| Untracked 
| 207|0x000000071b600000, 0x000000071b600000, 0x000000071b800000|  0%| F|  |TAMS 0x000000071b600000, 0x000000071b600000| Untracked 
| 208|0x000000071b800000, 0x000000071b800000, 0x000000071ba00000|  0%| F|  |TAMS 0x000000071b800000, 0x000000071b800000| Untracked 
| 209|0x000000071ba00000, 0x000000071ba00000, 0x000000071bc00000|  0%| F|  |TAMS 0x000000071ba00000, 0x000000071ba00000| Untracked 
| 210|0x000000071bc00000, 0x000000071bc00000, 0x000000071be00000|  0%| F|  |TAMS 0x000000071bc00000, 0x000000071bc00000| Untracked 
| 211|0x000000071be00000, 0x000000071be00000, 0x000000071c000000|  0%| F|  |TAMS 0x000000071be00000, 0x000000071be00000| Untracked 
| 212|0x000000071c000000, 0x000000071c000000, 0x000000071c200000|  0%| F|  |TAMS 0x000000071c000000, 0x000000071c000000| Untracked 
| 213|0x000000071c200000, 0x000000071c200000, 0x000000071c400000|  0%| F|  |TAMS 0x000000071c200000, 0x000000071c200000| Untracked 
| 214|0x000000071c400000, 0x000000071c400000, 0x000000071c600000|  0%| F|  |TAMS 0x000000071c400000, 0x000000071c400000| Untracked 
| 215|0x000000071c600000, 0x000000071c600000, 0x000000071c800000|  0%| F|  |TAMS 0x000000071c600000, 0x000000071c600000| Untracked 
| 216|0x000000071c800000, 0x000000071c800000, 0x000000071ca00000|  0%| F|  |TAMS 0x000000071c800000, 0x000000071c800000| Untracked 
| 217|0x000000071ca00000, 0x000000071ca00000, 0x000000071cc00000|  0%| F|  |TAMS 0x000000071ca00000, 0x000000071ca00000| Untracked 
| 218|0x000000071cc00000, 0x000000071cc00000, 0x000000071ce00000|  0%| F|  |TAMS 0x000000071cc00000, 0x000000071cc00000| Untracked 
| 219|0x000000071ce00000, 0x000000071ce00000, 0x000000071d000000|  0%| F|  |TAMS 0x000000071ce00000, 0x000000071ce00000| Untracked 
| 220|0x000000071d000000, 0x000000071d000000, 0x000000071d200000|  0%| F|  |TAMS 0x000000071d000000, 0x000000071d000000| Untracked 
| 221|0x000000071d200000, 0x000000071d200000, 0x000000071d400000|  0%| F|  |TAMS 0x000000071d200000, 0x000000071d200000| Untracked 
| 222|0x000000071d400000, 0x000000071d400000, 0x000000071d600000|  0%| F|  |TAMS 0x000000071d400000, 0x000000071d400000| Untracked 
| 223|0x000000071d600000, 0x000000071d600000, 0x000000071d800000|  0%| F|  |TAMS 0x000000071d600000, 0x000000071d600000| Untracked 
| 224|0x000000071d800000, 0x000000071d800000, 0x000000071da00000|  0%| F|  |TAMS 0x000000071d800000, 0x000000071d800000| Untracked 
| 225|0x000000071da00000, 0x000000071da00000, 0x000000071dc00000|  0%| F|  |TAMS 0x000000071da00000, 0x000000071da00000| Untracked 
| 226|0x000000071dc00000, 0x000000071dc00000, 0x000000071de00000|  0%| F|  |TAMS 0x000000071dc00000, 0x000000071dc00000| Untracked 
| 227|0x000000071de00000, 0x000000071de00000, 0x000000071e000000|  0%| F|  |TAMS 0x000000071de00000, 0x000000071de00000| Untracked 
| 228|0x000000071e000000, 0x000000071e000000, 0x000000071e200000|  0%| F|  |TAMS 0x000000071e000000, 0x000000071e000000| Untracked 
| 229|0x000000071e200000, 0x000000071e200000, 0x000000071e400000|  0%| F|  |TAMS 0x000000071e200000, 0x000000071e200000| Untracked 
| 230|0x000000071e400000, 0x000000071e400000, 0x000000071e600000|  0%| F|  |TAMS 0x000000071e400000, 0x000000071e400000| Untracked 
| 231|0x000000071e600000, 0x000000071e600000, 0x000000071e800000|  0%| F|  |TAMS 0x000000071e600000, 0x000000071e600000| Untracked 
| 232|0x000000071e800000, 0x000000071e800000, 0x000000071ea00000|  0%| F|  |TAMS 0x000000071e800000, 0x000000071e800000| Untracked 
| 233|0x000000071ea00000, 0x000000071ea00000, 0x000000071ec00000|  0%| F|  |TAMS 0x000000071ea00000, 0x000000071ea00000| Untracked 
| 234|0x000000071ec00000, 0x000000071ec00000, 0x000000071ee00000|  0%| F|  |TAMS 0x000000071ec00000, 0x000000071ec00000| Untracked 
| 235|0x000000071ee00000, 0x000000071ee00000, 0x000000071f000000|  0%| F|  |TAMS 0x000000071ee00000, 0x000000071ee00000| Untracked 
| 236|0x000000071f000000, 0x000000071f000000, 0x000000071f200000|  0%| F|  |TAMS 0x000000071f000000, 0x000000071f000000| Untracked 
| 237|0x000000071f200000, 0x000000071f200000, 0x000000071f400000|  0%| F|  |TAMS 0x000000071f200000, 0x000000071f200000| Untracked 
| 238|0x000000071f400000, 0x000000071f400000, 0x000000071f600000|  0%| F|  |TAMS 0x000000071f400000, 0x000000071f400000| Untracked 
| 239|0x000000071f600000, 0x000000071f600000, 0x000000071f800000|  0%| F|  |TAMS 0x000000071f600000, 0x000000071f600000| Untracked 
| 240|0x000000071f800000, 0x000000071f800000, 0x000000071fa00000|  0%| F|  |TAMS 0x000000071f800000, 0x000000071f800000| Untracked 
| 241|0x000000071fa00000, 0x000000071fa00000, 0x000000071fc00000|  0%| F|  |TAMS 0x000000071fa00000, 0x000000071fa00000| Untracked 
| 242|0x000000071fc00000, 0x000000071fc00000, 0x000000071fe00000|  0%| F|  |TAMS 0x000000071fc00000, 0x000000071fc00000| Untracked 
| 243|0x000000071fe00000, 0x0000000720000000, 0x0000000720000000|100%| E|CS|TAMS 0x000000071fe00000, 0x000000071fe00000| Complete 
| 244|0x0000000720000000, 0x0000000720200000, 0x0000000720200000|100%| E|CS|TAMS 0x0000000720000000, 0x0000000720000000| Complete 
| 245|0x0000000720200000, 0x0000000720400000, 0x0000000720400000|100%| E|CS|TAMS 0x0000000720200000, 0x0000000720200000| Complete 
| 246|0x0000000720400000, 0x0000000720600000, 0x0000000720600000|100%| E|CS|TAMS 0x0000000720400000, 0x0000000720400000| Complete 
| 247|0x0000000720600000, 0x0000000720600000, 0x0000000720800000|  0%| F|  |TAMS 0x0000000720600000, 0x0000000720600000| Untracked 
| 248|0x0000000720800000, 0x0000000720800000, 0x0000000720a00000|  0%| F|  |TAMS 0x0000000720800000, 0x0000000720800000| Untracked 
| 249|0x0000000720a00000, 0x0000000720a00000, 0x0000000720c00000|  0%| F|  |TAMS 0x0000000720a00000, 0x0000000720a00000| Untracked 
| 250|0x0000000720c00000, 0x0000000720c00000, 0x0000000720e00000|  0%| F|  |TAMS 0x0000000720c00000, 0x0000000720c00000| Untracked 
| 251|0x0000000720e00000, 0x0000000720e00000, 0x0000000721000000|  0%| F|  |TAMS 0x0000000720e00000, 0x0000000720e00000| Untracked 
| 252|0x0000000721000000, 0x0000000721000000, 0x0000000721200000|  0%| F|  |TAMS 0x0000000721000000, 0x0000000721000000| Untracked 
| 253|0x0000000721200000, 0x0000000721200000, 0x0000000721400000|  0%| F|  |TAMS 0x0000000721200000, 0x0000000721200000| Untracked 
| 254|0x0000000721400000, 0x0000000721400000, 0x0000000721600000|  0%| F|  |TAMS 0x0000000721400000, 0x0000000721400000| Untracked 
| 255|0x0000000721600000, 0x0000000721600000, 0x0000000721800000|  0%| F|  |TAMS 0x0000000721600000, 0x0000000721600000| Untracked 
| 256|0x0000000721800000, 0x0000000721800000, 0x0000000721a00000|  0%| F|  |TAMS 0x0000000721800000, 0x0000000721800000| Untracked 
| 257|0x0000000721a00000, 0x0000000721a00000, 0x0000000721c00000|  0%| F|  |TAMS 0x0000000721a00000, 0x0000000721a00000| Untracked 
| 258|0x0000000721c00000, 0x0000000721c00000, 0x0000000721e00000|  0%| F|  |TAMS 0x0000000721c00000, 0x0000000721c00000| Untracked 
| 259|0x0000000721e00000, 0x0000000721e00000, 0x0000000722000000|  0%| F|  |TAMS 0x0000000721e00000, 0x0000000721e00000| Untracked 
| 260|0x0000000722000000, 0x0000000722000000, 0x0000000722200000|  0%| F|  |TAMS 0x0000000722000000, 0x0000000722000000| Untracked 
| 261|0x0000000722200000, 0x0000000722200000, 0x0000000722400000|  0%| F|  |TAMS 0x0000000722200000, 0x0000000722200000| Untracked 
| 262|0x0000000722400000, 0x0000000722400000, 0x0000000722600000|  0%| F|  |TAMS 0x0000000722400000, 0x0000000722400000| Untracked 
| 263|0x0000000722600000, 0x0000000722800000, 0x0000000722800000|100%| S|  |TAMS 0x0000000722600000, 0x0000000722600000| Complete 
| 264|0x0000000722800000, 0x0000000722a00000, 0x0000000722a00000|100%| S|  |TAMS 0x0000000722800000, 0x0000000722800000| Complete 
| 265|0x0000000722a00000, 0x0000000722c00000, 0x0000000722c00000|100%| E|CS|TAMS 0x0000000722a00000, 0x0000000722a00000| Complete 
| 266|0x0000000722c00000, 0x0000000722e00000, 0x0000000722e00000|100%| E|CS|TAMS 0x0000000722c00000, 0x0000000722c00000| Complete 
| 267|0x0000000722e00000, 0x0000000723000000, 0x0000000723000000|100%| E|CS|TAMS 0x0000000722e00000, 0x0000000722e00000| Complete 
| 268|0x0000000723000000, 0x0000000723200000, 0x0000000723200000|100%| E|CS|TAMS 0x0000000723000000, 0x0000000723000000| Complete 
| 269|0x0000000723200000, 0x0000000723400000, 0x0000000723400000|100%| E|CS|TAMS 0x0000000723200000, 0x0000000723200000| Complete 
| 270|0x0000000723400000, 0x0000000723600000, 0x0000000723600000|100%| E|CS|TAMS 0x0000000723400000, 0x0000000723400000| Complete 
| 271|0x0000000723600000, 0x0000000723800000, 0x0000000723800000|100%| E|CS|TAMS 0x0000000723600000, 0x0000000723600000| Complete 
| 272|0x0000000723800000, 0x0000000723a00000, 0x0000000723a00000|100%| E|CS|TAMS 0x0000000723800000, 0x0000000723800000| Complete 
| 273|0x0000000723a00000, 0x0000000723c00000, 0x0000000723c00000|100%| E|CS|TAMS 0x0000000723a00000, 0x0000000723a00000| Complete 
| 274|0x0000000723c00000, 0x0000000723e00000, 0x0000000723e00000|100%| E|CS|TAMS 0x0000000723c00000, 0x0000000723c00000| Complete 
| 275|0x0000000723e00000, 0x0000000724000000, 0x0000000724000000|100%| E|CS|TAMS 0x0000000723e00000, 0x0000000723e00000| Complete 

Card table byte_map: [0x00000146a29c0000,0x00000146a31c0000] _byte_map_base: 0x000001469f1b4000

Marking Bits (Prev, Next): (CMBitMap*) 0x000001468b3e9020, (CMBitMap*) 0x000001468b3e9060
 Prev Bits: [0x00000146a39c0000, 0x00000146a7960000)
 Next Bits: [0x00000146a7960000, 0x00000146ab900000)

Polling page: 0x000001468ab10000

Metaspace:

Usage:
  Non-class:      1.93 MB used.
      Class:    212.98 KB used.
       Both:      2.13 MB used.

Virtual space:
  Non-class space:       64.00 MB reserved,       2.00 MB (  3%) committed,  1 nodes.
      Class space:        1.00 GB reserved,     256.00 KB ( <1%) committed,  1 nodes.
             Both:        1.06 GB reserved,       2.25 MB ( <1%) committed. 

Chunk freelists:
   Non-Class:  11.20 MB
       Class:  15.63 MB
        Both:  26.83 MB

MaxMetaspaceSize: unlimited
CompressedClassSpaceSize: 1.00 GB
Initial GC threshold: 21.00 MB
Current GC threshold: 21.00 MB
CDS: on
MetaspaceReclaimPolicy: balanced
 - commit_granule_bytes: 65536.
 - commit_granule_words: 8192.
 - virtual_space_node_default_size: 8388608.
 - enlarge_chunks_in_place: 1.
 - new_chunks_are_fully_committed: 0.
 - uncommit_free_chunks: 1.
 - use_allocation_guard: 0.
 - handle_deallocations: 1.


Internal statistics:

num_allocs_failed_limit: 0.
num_arena_births: 32.
num_arena_deaths: 0.
num_vsnodes_births: 2.
num_vsnodes_deaths: 0.
num_space_committed: 36.
num_space_uncommitted: 0.
num_chunks_returned_to_freelist: 0.
num_chunks_taken_from_freelist: 92.
num_chunk_merges: 0.
num_chunk_splits: 51.
num_chunks_enlarged: 36.
num_inconsistent_stats: 0.

CodeHeap 'non-profiled nmethods': size=120000Kb used=584Kb max_used=584Kb free=119415Kb
 bounds [0x000001469a950000, 0x000001469abc0000, 0x00000146a1e80000]
CodeHeap 'profiled nmethods': size=120000Kb used=1399Kb max_used=1399Kb free=118600Kb
 bounds [0x0000014692e80000, 0x00000146930f0000, 0x000001469a3b0000]
CodeHeap 'non-nmethods': size=5760Kb used=1120Kb max_used=1151Kb free=4639Kb
 bounds [0x000001469a3b0000, 0x000001469a620000, 0x000001469a950000]
 total_blobs=1361 nmethods=959 adapters=316
 compilation: enabled
              stopped_count=0, restarted_count=0
 full_count=0

Compilation events (20 events):
Event: 1.157 Thread 0x00000146ae5adb30 nmethod 957 0x000001469a9dc590 code [0x000001469a9dc760, 0x000001469a9dd0d8]
Event: 1.157 Thread 0x00000146ae5adb30  958       4       jdk.nio.zipfs.ZipFileSystem::makeParentDirs (141 bytes)
Event: 1.159 Thread 0x00000146ae3c79a0 nmethod 952 0x000001469a9dd990 code [0x000001469a9ddb60, 0x000001469a9de598]
Event: 1.159 Thread 0x00000146ae3c79a0  953       4       java.util.HashMap::containsKey (14 bytes)
Event: 1.171 Thread 0x00000146ae3c82b0  972       2       jdk.nio.zipfs.ZipFileSystem$Entry::<init> (109 bytes)
Event: 1.171 Thread 0x00000146ae3c82b0 nmethod 972 0x0000014692fdd990 code [0x0000014692fddb40, 0x0000014692fdddc8]
Event: 1.176 Thread 0x00000146ae3c79a0 nmethod 953 0x000001469a9df310 code [0x000001469a9df4e0, 0x000001469a9dfe58]
Event: 1.176 Thread 0x00000146ae3c79a0  968       4       jdk.nio.zipfs.ZipPath::<init> (67 bytes)
Event: 1.181 Thread 0x00000146ae3c79a0 nmethod 968 0x000001469a9e0690 code [0x000001469a9e0820, 0x000001469a9e0c48]
Event: 1.181 Thread 0x00000146ae3c79a0  975       4       jdk.nio.zipfs.ZipPath::compareTo (87 bytes)
Event: 1.184 Thread 0x00000146ae3c79a0 nmethod 975 0x000001469a9e0d90 code [0x000001469a9e0f20, 0x000001469a9e10d8]
Event: 1.184 Thread 0x00000146ae3c79a0  954       4       jdk.nio.zipfs.ZipFileSystem$ParentLookup::<init> (5 bytes)
Event: 1.185 Thread 0x00000146ae3c79a0 nmethod 954 0x000001469a9e1290 code [0x000001469a9e1400, 0x000001469a9e1478]
Event: 1.185 Thread 0x00000146ae3c79a0  945       4       java.util.concurrent.locks.ReentrantReadWriteLock$NonfairSync::readerShouldBlock (5 bytes)
Event: 1.185 Thread 0x00000146ae3c79a0 nmethod 945 0x000001469a9e1590 code [0x000001469a9e1700, 0x000001469a9e1798]
Event: 1.185 Thread 0x00000146ae3c79a0  963       4       java.util.concurrent.locks.AbstractQueuedSynchronizer::acquireShared (20 bytes)
Event: 1.188 Thread 0x00000146ae3c79a0 nmethod 963 0x000001469a9e1890 code [0x000001469a9e1a20, 0x000001469a9e1c78]
Event: 1.188 Thread 0x00000146ae3c79a0  965       4       java.util.concurrent.locks.ReentrantReadWriteLock$Sync::tryReleaseShared (146 bytes)
Event: 1.190 Thread 0x00000146ae3c79a0 nmethod 965 0x000001469a9e1e10 code [0x000001469a9e1f80, 0x000001469a9e20f8]
Event: 1.190 Thread 0x00000146ae3c79a0  962   !   4       java.nio.file.FileTreeWalker::next (144 bytes)

GC Heap History (15 events):
Event: 0.263 GC heap before
{Heap before GC invocations=0 (full 0):
 garbage-first heap   total 262144K, used 20480K [0x0000000701800000, 0x0000000800000000)
  region size 2048K, 11 young (22528K), 0 survivors (0K)
 Metaspace       used 816K, committed 960K, reserved 1114112K
  class space    used 68K, committed 128K, reserved 1048576K
}
Event: 0.276 GC heap after
{Heap after GC invocations=1 (full 0):
 garbage-first heap   total 262144K, used 18325K [0x0000000701800000, 0x0000000800000000)
  region size 2048K, 2 young (4096K), 2 survivors (4096K)
 Metaspace       used 816K, committed 960K, reserved 1114112K
  class space    used 68K, committed 128K, reserved 1048576K
}
Event: 0.385 GC heap before
{Heap before GC invocations=1 (full 0):
 garbage-first heap   total 262144K, used 28565K [0x0000000701800000, 0x0000000800000000)
  region size 2048K, 8 young (16384K), 2 survivors (4096K)
 Metaspace       used 914K, committed 1024K, reserved 1114112K
  class space    used 77K, committed 128K, reserved 1048576K
}
Event: 0.395 GC heap after
{Heap after GC invocations=2 (full 0):
 garbage-first heap   total 262144K, used 26624K [0x0000000701800000, 0x0000000800000000)
  region size 2048K, 1 young (2048K), 1 survivors (2048K)
 Metaspace       used 914K, committed 1024K, reserved 1114112K
  class space    used 77K, committed 128K, reserved 1048576K
}
Event: 0.478 GC heap before
{Heap before GC invocations=2 (full 0):
 garbage-first heap   total 262144K, used 51200K [0x0000000701800000, 0x0000000800000000)
  region size 2048K, 13 young (26624K), 1 survivors (2048K)
 Metaspace       used 914K, committed 1024K, reserved 1114112K
  class space    used 77K, committed 128K, reserved 1048576K
}
Event: 0.492 GC heap after
{Heap after GC invocations=3 (full 0):
 garbage-first heap   total 262144K, used 41827K [0x0000000701800000, 0x0000000800000000)
  region size 2048K, 2 young (4096K), 2 survivors (4096K)
 Metaspace       used 914K, committed 1024K, reserved 1114112K
  class space    used 77K, committed 128K, reserved 1048576K
}
Event: 0.533 GC heap before
{Heap before GC invocations=3 (full 0):
 garbage-first heap   total 262144K, used 68451K [0x0000000701800000, 0x0000000800000000)
  region size 2048K, 15 young (30720K), 2 survivors (4096K)
 Metaspace       used 920K, committed 1024K, reserved 1114112K
  class space    used 77K, committed 128K, reserved 1048576K
}
Event: 0.552 GC heap after
{Heap after GC invocations=4 (full 0):
 garbage-first heap   total 262144K, used 59226K [0x0000000701800000, 0x0000000800000000)
  region size 2048K, 2 young (4096K), 2 survivors (4096K)
 Metaspace       used 920K, committed 1024K, reserved 1114112K
  class space    used 77K, committed 128K, reserved 1048576K
}
Event: 0.573 GC heap before
{Heap before GC invocations=4 (full 0):
 garbage-first heap   total 262144K, used 77658K [0x0000000701800000, 0x0000000800000000)
  region size 2048K, 11 young (22528K), 2 survivors (4096K)
 Metaspace       used 920K, committed 1024K, reserved 1114112K
  class space    used 77K, committed 128K, reserved 1048576K
}
Event: 0.590 GC heap after
{Heap after GC invocations=5 (full 0):
 garbage-first heap   total 565248K, used 72699K [0x0000000701800000, 0x0000000800000000)
  region size 2048K, 2 young (4096K), 2 survivors (4096K)
 Metaspace       used 920K, committed 1024K, reserved 1114112K
  class space    used 77K, committed 128K, reserved 1048576K
}
Event: 0.654 GC heap before
{Heap before GC invocations=5 (full 0):
 garbage-first heap   total 565248K, used 109563K [0x0000000701800000, 0x0000000800000000)
  region size 2048K, 20 young (40960K), 2 survivors (4096K)
 Metaspace       used 920K, committed 1024K, reserved 1114112K
  class space    used 77K, committed 128K, reserved 1048576K
}
Event: 0.674 GC heap after
{Heap after GC invocations=6 (full 0):
 garbage-first heap   total 565248K, used 96878K [0x0000000701800000, 0x0000000800000000)
  region size 2048K, 3 young (6144K), 3 survivors (6144K)
 Metaspace       used 920K, committed 1024K, reserved 1114112K
  class space    used 77K, committed 128K, reserved 1048576K
}
Event: 0.880 GC heap before
{Heap before GC invocations=6 (full 0):
 garbage-first heap   total 565248K, used 150126K [0x0000000701800000, 0x0000000800000000)
  region size 2048K, 29 young (59392K), 3 survivors (6144K)
 Metaspace       used 1877K, committed 2048K, reserved 1114112K
  class space    used 181K, committed 256K, reserved 1048576K
}
Event: 0.921 GC heap after
{Heap after GC invocations=7 (full 0):
 garbage-first heap   total 565248K, used 135168K [0x0000000701800000, 0x0000000800000000)
  region size 2048K, 4 young (8192K), 4 survivors (8192K)
 Metaspace       used 1877K, committed 2048K, reserved 1114112K
  class space    used 181K, committed 256K, reserved 1048576K
}
Event: 1.196 GC heap before
{Heap before GC invocations=7 (full 0):
 garbage-first heap   total 565248K, used 159744K [0x0000000701800000, 0x0000000800000000)
  region size 2048K, 15 young (30720K), 4 survivors (8192K)
 Metaspace       used 2185K, committed 2304K, reserved 1114112K
  class space    used 212K, committed 256K, reserved 1048576K
}

Dll operation events (7 events):
Event: 0.010 Loaded shared library C:\Program Files\Pylo\MCreator\jdk\bin\java.dll
Event: 0.036 Loaded shared library C:\Program Files\Pylo\MCreator\jdk\bin\jsvml.dll
Event: 0.085 Loaded shared library C:\Program Files\Pylo\MCreator\jdk\bin\net.dll
Event: 0.087 Loaded shared library C:\Program Files\Pylo\MCreator\jdk\bin\nio.dll
Event: 0.093 Loaded shared library C:\Program Files\Pylo\MCreator\jdk\bin\zip.dll
Event: 0.830 Loaded shared library C:\Program Files\Pylo\MCreator\jdk\bin\verify.dll
Event: 0.840 Loaded shared library C:\Program Files\Pylo\MCreator\jdk\bin\jimage.dll

Deoptimization events (20 events):
Event: 1.134 Thread 0x000001468b37a530 DEOPT PACKING pc=0x0000014692fd86a1 sp=0x0000000ac07fec80
Event: 1.134 Thread 0x000001468b37a530 DEOPT UNPACKING pc=0x000001469a407143 sp=0x0000000ac07fe110 mode 0
Event: 1.135 Thread 0x000001468b37a530 DEOPT PACKING pc=0x0000014692fd86a1 sp=0x0000000ac07fec80
Event: 1.135 Thread 0x000001468b37a530 DEOPT UNPACKING pc=0x000001469a407143 sp=0x0000000ac07fe110 mode 0
Event: 1.136 Thread 0x000001468b37a530 Uncommon trap: trap_request=0xffffff45 fr.pc=0x000001469a9c9da0 relative=0x0000000000000960
Event: 1.136 Thread 0x000001468b37a530 Uncommon trap: reason=unstable_if action=reinterpret pc=0x000001469a9c9da0 method=jdk.nio.zipfs.ZipFileSystem.makeParentDirs(Ljdk/nio/zipfs/ZipFileSystem$IndexNode;Ljdk/nio/zipfs/ZipFileSystem$IndexNode;)V @ 62 c2
Event: 1.136 Thread 0x000001468b37a530 DEOPT PACKING pc=0x000001469a9c9da0 sp=0x0000000ac07feb90
Event: 1.136 Thread 0x000001468b37a530 DEOPT UNPACKING pc=0x000001469a4069a3 sp=0x0000000ac07feb68 mode 2
Event: 1.137 Thread 0x000001468b37a530 Uncommon trap: trap_request=0xffffff45 fr.pc=0x000001469a9cad08 relative=0x00000000000007a8
Event: 1.137 Thread 0x000001468b37a530 Uncommon trap: reason=unstable_if action=reinterpret pc=0x000001469a9cad08 method=java.util.HashMap.getNode(Ljava/lang/Object;)Ljava/util/HashMap$Node; @ 145 c2
Event: 1.137 Thread 0x000001468b37a530 DEOPT PACKING pc=0x000001469a9cad08 sp=0x0000000ac07feae0
Event: 1.137 Thread 0x000001468b37a530 DEOPT UNPACKING pc=0x000001469a4069a3 sp=0x0000000ac07fea80 mode 2
Event: 1.142 Thread 0x000001468b37a530 Uncommon trap: trap_request=0xffffff45 fr.pc=0x000001469a9d53ec relative=0x00000000000006ac
Event: 1.142 Thread 0x000001468b37a530 Uncommon trap: reason=unstable_if action=reinterpret pc=0x000001469a9d53ec method=jdk.nio.zipfs.ZipPath.resolve([B)Ljdk/nio/zipfs/ZipPath; @ 24 c2
Event: 1.142 Thread 0x000001468b37a530 DEOPT PACKING pc=0x000001469a9d53ec sp=0x0000000ac07feaa0
Event: 1.142 Thread 0x000001468b37a530 DEOPT UNPACKING pc=0x000001469a4069a3 sp=0x0000000ac07fea08 mode 2
Event: 1.142 Thread 0x000001468b37a530 Uncommon trap: trap_request=0xffffffde fr.pc=0x000001469a998e40 relative=0x00000000000001a0
Event: 1.142 Thread 0x000001468b37a530 Uncommon trap: reason=class_check action=maybe_recompile pc=0x000001469a998e40 method=java.util.stream.StreamOpFlag.fromCharacteristics(Ljava/util/Spliterator;)I @ 1 c2
Event: 1.142 Thread 0x000001468b37a530 DEOPT PACKING pc=0x000001469a998e40 sp=0x0000000ac07feea0
Event: 1.142 Thread 0x000001468b37a530 DEOPT UNPACKING pc=0x000001469a4069a3 sp=0x0000000ac07fee00 mode 2

Classes unloaded (0 events):
No events

Classes redefined (0 events):
No events

Internal exceptions (9 events):
Event: 0.142 Thread 0x000001468b37a530 Exception <a 'java/lang/NoSuchMethodError'{0x00000007114896a0}: 'void java.lang.invoke.DirectMethodHandle$Holder.invokeStatic(java.lang.Object, java.lang.Object)'> (0x00000007114896a0) 
thrown [s\src\hotspot\share\interpreter\linkResolver.cpp, line 759]
Event: 0.691 Thread 0x000001468b37a530 Exception <a 'java/lang/NoSuchMethodError'{0x0000000723a3dbb0}: 'java.lang.Object java.lang.invoke.DirectMethodHandle$Holder.newInvokeSpecial(java.lang.Object, java.lang.Object, int, int)'> (0x0000000723a3dbb0) 
thrown [s\src\hotspot\share\interpreter\linkResolver.cpp, line 759]
Event: 0.696 Thread 0x000001468b37a530 Exception <a 'java/lang/NoSuchMethodError'{0x0000000723a56aa0}: 'void java.lang.invoke.DirectMethodHandle$Holder.invokeStatic(java.lang.Object, java.lang.Object, int, int, java.lang.Object)'> (0x0000000723a56aa0) 
thrown [s\src\hotspot\share\interpreter\linkResolver.cpp, line 759]
Event: 0.818 Thread 0x000001468b37a530 Exception <a 'java/lang/NoSuchMethodError'{0x00000007206e20e8}: 'java.lang.Object java.lang.invoke.DirectMethodHandle$Holder.invokeStatic(java.lang.Object, java.lang.Object, int, java.lang.Object)'> (0x00000007206e20e8) 
thrown [s\src\hotspot\share\interpreter\linkResolver.cpp, line 759]
Event: 0.819 Thread 0x000001468b37a530 Exception <a 'java/lang/NoSuchMethodError'{0x00000007206e9960}: 'java.lang.Object java.lang.invoke.DirectMethodHandle$Holder.newInvokeSpecial(java.lang.Object, java.lang.Object, int)'> (0x00000007206e9960) 
thrown [s\src\hotspot\share\interpreter\linkResolver.cpp, line 759]
Event: 0.835 Thread 0x000001468b37a530 Exception <a 'java/lang/NoSuchMethodError'{0x000000072074f350}: 'void java.lang.invoke.DirectMethodHandle$Holder.invokeStatic(java.lang.Object, java.lang.Object, java.lang.Object)'> (0x000000072074f350) 
thrown [s\src\hotspot\share\interpreter\linkResolver.cpp, line 759]
Event: 0.856 Thread 0x000001468b37a530 Exception <a 'java/lang/NoSuchMethodError'{0x0000000720775f70}: 'java.lang.Object java.lang.invoke.DirectMethodHandle$Holder.invokeStaticInit(java.lang.Object)'> (0x0000000720775f70) 
thrown [s\src\hotspot\share\interpreter\linkResolver.cpp, line 759]
Event: 0.983 Thread 0x000001468b37a530 Exception <a 'java/lang/NoSuchMethodError'{0x0000000723cebf00}: 'void java.lang.invoke.DirectMethodHandle$Holder.invokeVirtual(java.lang.Object, java.lang.Object)'> (0x0000000723cebf00) 
thrown [s\src\hotspot\share\interpreter\linkResolver.cpp, line 759]
Event: 1.110 Thread 0x000001468b37a530 Implicit null exception at 0x000001469a9b700c to 0x000001469a9b7142

VM Operations (20 events):
Event: 0.094 Executing VM operation: HandshakeAllThreads done
Event: 0.263 Executing VM operation: G1CollectForAllocation
Event: 0.276 Executing VM operation: G1CollectForAllocation done
Event: 0.282 Executing VM operation: HandshakeAllThreads
Event: 0.282 Executing VM operation: HandshakeAllThreads done
Event: 0.385 Executing VM operation: G1CollectForAllocation
Event: 0.395 Executing VM operation: G1CollectForAllocation done
Event: 0.478 Executing VM operation: G1CollectForAllocation
Event: 0.492 Executing VM operation: G1CollectForAllocation done
Event: 0.533 Executing VM operation: G1CollectForAllocation
Event: 0.552 Executing VM operation: G1CollectForAllocation done
Event: 0.573 Executing VM operation: G1CollectForAllocation
Event: 0.590 Executing VM operation: G1CollectForAllocation done
Event: 0.654 Executing VM operation: G1CollectForAllocation
Event: 0.674 Executing VM operation: G1CollectForAllocation done
Event: 0.842 Executing VM operation: HandshakeAllThreads
Event: 0.842 Executing VM operation: HandshakeAllThreads done
Event: 0.880 Executing VM operation: G1CollectForAllocation
Event: 0.921 Executing VM operation: G1CollectForAllocation done
Event: 1.196 Executing VM operation: G1CollectForAllocation

Events (20 events):
Event: 0.988 loading class java/time/DateTimeException
Event: 0.988 loading class java/time/DateTimeException done
Event: 0.988 loading class java/util/regex/PatternSyntaxException
Event: 0.988 loading class java/util/regex/PatternSyntaxException done
Event: 0.999 loading class java/time/zone/ZoneRulesProvider
Event: 0.999 loading class java/time/zone/ZoneRulesProvider done
Event: 1.000 loading class java/time/zone/ZoneRulesProvider$1
Event: 1.000 loading class java/time/zone/ZoneRulesProvider$1 done
Event: 1.000 loading class java/time/zone/TzdbZoneRulesProvider
Event: 1.000 loading class java/time/zone/TzdbZoneRulesProvider done
Event: 1.006 loading class java/time/zone/Ser
Event: 1.006 loading class java/io/Externalizable
Event: 1.006 loading class java/io/Externalizable done
Event: 1.006 loading class java/time/zone/Ser done
Event: 1.007 loading class java/time/zone/ZoneOffsetTransition
Event: 1.007 loading class java/time/zone/ZoneOffsetTransition done
Event: 1.009 loading class java/util/concurrent/TimeUnit$1
Event: 1.009 loading class java/util/concurrent/TimeUnit$1 done
Event: 1.092 loading class java/util/concurrent/locks/AbstractQueuedSynchronizer$Node
Event: 1.092 loading class java/util/concurrent/locks/AbstractQueuedSynchronizer$Node done


Dynamic libraries:
0x00007ff7363a0000 - 0x00007ff7363ae000 	C:\Program Files\Pylo\MCreator\jdk\bin\java.exe
0x00007ff9be490000 - 0x00007ff9be688000 	C:\WINDOWS\SYSTEM32\ntdll.dll
0x00007ff9bc570000 - 0x00007ff9bc62d000 	C:\WINDOWS\System32\KERNEL32.DLL
0x00007ff9bbc70000 - 0x00007ff9bbf66000 	C:\WINDOWS\System32\KERNELBASE.dll
0x00007ff9bc0f0000 - 0x00007ff9bc1f0000 	C:\WINDOWS\System32\ucrtbase.dll
0x00007ff9b6cd0000 - 0x00007ff9b6ce7000 	C:\Program Files\Pylo\MCreator\jdk\bin\jli.dll
0x00007ff9b7ca0000 - 0x00007ff9b7cbb000 	C:\Program Files\Pylo\MCreator\jdk\bin\VCRUNTIME140.dll
0x00007ff9bd670000 - 0x00007ff9bd80f000 	C:\WINDOWS\System32\USER32.dll
0x00007ff9af5c0000 - 0x00007ff9af85a000 	C:\WINDOWS\WinSxS\amd64_microsoft.windows.common-controls_6595b64144ccf1df_6.0.19041.4355_none_60b8b9eb71f62e16\COMCTL32.dll
0x00007ff9bc220000 - 0x00007ff9bc242000 	C:\WINDOWS\System32\win32u.dll
0x00007ff9bd580000 - 0x00007ff9bd5ab000 	C:\WINDOWS\System32\GDI32.dll
0x00007ff9bc3b0000 - 0x00007ff9bc4c7000 	C:\WINDOWS\System32\gdi32full.dll
0x00007ff9bc4d0000 - 0x00007ff9bc56e000 	C:\WINDOWS\System32\msvcrt.dll
0x00007ff9bc050000 - 0x00007ff9bc0ed000 	C:\WINDOWS\System32\msvcp_win.dll
0x00007ff9bc7f0000 - 0x00007ff9bc81f000 	C:\WINDOWS\System32\IMM32.DLL
0x00007ff9b7e50000 - 0x00007ff9b7e5c000 	C:\Program Files\Pylo\MCreator\jdk\bin\vcruntime140_1.dll
0x00007ff9afb90000 - 0x00007ff9afc1d000 	C:\Program Files\Pylo\MCreator\jdk\bin\msvcp140.dll
0x00007ff936660000 - 0x00007ff9372c2000 	C:\Program Files\Pylo\MCreator\jdk\bin\server\jvm.dll
0x00007ff9bd5c0000 - 0x00007ff9bd670000 	C:\WINDOWS\System32\ADVAPI32.dll
0x00007ff9bcf60000 - 0x00007ff9bd000000 	C:\WINDOWS\System32\sechost.dll
0x00007ff9bc6c0000 - 0x00007ff9bc7e3000 	C:\WINDOWS\System32\RPCRT4.dll
0x00007ff9bc1f0000 - 0x00007ff9bc217000 	C:\WINDOWS\System32\bcrypt.dll
0x00007ff9bb0a0000 - 0x00007ff9bb0eb000 	C:\WINDOWS\SYSTEM32\POWRPROF.dll
0x00007ff9a2660000 - 0x00007ff9a2669000 	C:\WINDOWS\SYSTEM32\WSOCK32.dll
0x00007ff9b4c60000 - 0x00007ff9b4c6a000 	C:\WINDOWS\SYSTEM32\VERSION.dll
0x00007ff9aa930000 - 0x00007ff9aa957000 	C:\WINDOWS\SYSTEM32\WINMM.dll
0x00007ff9bd150000 - 0x00007ff9bd1bb000 	C:\WINDOWS\System32\WS2_32.dll
0x00007ff9bb010000 - 0x00007ff9bb022000 	C:\WINDOWS\SYSTEM32\UMPDC.dll
0x00007ff9b99b0000 - 0x00007ff9b99c2000 	C:\WINDOWS\SYSTEM32\kernel.appcore.dll
0x00007ff9b7db0000 - 0x00007ff9b7dba000 	C:\Program Files\Pylo\MCreator\jdk\bin\jimage.dll
0x00007ff9a93f0000 - 0x00007ff9a95d4000 	C:\WINDOWS\SYSTEM32\DBGHELP.DLL
0x00007ff99d920000 - 0x00007ff99d954000 	C:\WINDOWS\SYSTEM32\dbgcore.DLL
0x00007ff9bbf70000 - 0x00007ff9bbff2000 	C:\WINDOWS\System32\bcryptPrimitives.dll
0x00007ff9afdb0000 - 0x00007ff9afdd5000 	C:\Program Files\Pylo\MCreator\jdk\bin\java.dll
0x00007ff98f230000 - 0x00007ff98f307000 	C:\Program Files\Pylo\MCreator\jdk\bin\jsvml.dll
0x00007ff9bd870000 - 0x00007ff9bdfdc000 	C:\WINDOWS\System32\SHELL32.dll
0x00007ff9b9bb0000 - 0x00007ff9ba34d000 	C:\WINDOWS\SYSTEM32\windows.storage.dll
0x00007ff9bd220000 - 0x00007ff9bd573000 	C:\WINDOWS\System32\combase.dll
0x00007ff9bb490000 - 0x00007ff9bb4be000 	C:\WINDOWS\SYSTEM32\Wldp.dll
0x00007ff9bd000000 - 0x00007ff9bd0cd000 	C:\WINDOWS\System32\OLEAUT32.dll
0x00007ff9bc820000 - 0x00007ff9bc8cd000 	C:\WINDOWS\System32\SHCORE.dll
0x00007ff9bd810000 - 0x00007ff9bd865000 	C:\WINDOWS\System32\shlwapi.dll
0x00007ff9bba80000 - 0x00007ff9bbaa4000 	C:\WINDOWS\SYSTEM32\profapi.dll
0x00007ff9b32d0000 - 0x00007ff9b32e9000 	C:\Program Files\Pylo\MCreator\jdk\bin\net.dll
0x00007ff9b5000000 - 0x00007ff9b510a000 	C:\WINDOWS\SYSTEM32\WINHTTP.dll
0x00007ff9bb270000 - 0x00007ff9bb2da000 	C:\WINDOWS\system32\mswsock.dll
0x00007ff9b08f0000 - 0x00007ff9b0906000 	C:\Program Files\Pylo\MCreator\jdk\bin\nio.dll
0x00007ff9af480000 - 0x00007ff9af498000 	C:\Program Files\Pylo\MCreator\jdk\bin\zip.dll
0x00007ff9b29c0000 - 0x00007ff9b29d0000 	C:\Program Files\Pylo\MCreator\jdk\bin\verify.dll

dbghelp: loaded successfully - version: 4.0.5 - missing functions: none
symbol engine: initialized successfully - sym options: 0x614 - pdb path: .;C:\Program Files\Pylo\MCreator\jdk\bin;C:\WINDOWS\SYSTEM32;C:\WINDOWS\WinSxS\amd64_microsoft.windows.common-controls_6595b64144ccf1df_6.0.19041.4355_none_60b8b9eb71f62e16;C:\Program Files\Pylo\MCreator\jdk\bin\server

VM Arguments:
jvm_args: -Dfile.encoding=UTF-8 -Duser.country=RU -Duser.language=ru -Duser.variant 
java_command: net.minecraftforge.fart.Main --input C:\Users\finto\MCreatorWorkspaces\sosiskisquad\build\libs\modid-1.0.jar --output C:\Users\finto\MCreatorWorkspaces\sosiskisquad\build\reobfJar\output.jar --names C:\Users\finto\MCreatorWorkspaces\sosiskisquad\build\reobfJar\mappings.tsrg --lib C:\Users\finto\.mcreator\gradle\caches\forge_gradle\minecraft_user_repo\net\minecraftforge\forge\1.20.1-47.2.0_mapped_official_1.20.1\forge-1.20.1-47.2.0_mapped_official_1.20.1-recomp.jar --lib C:\Users\finto\.mcreator\gradle\caches\forge_gradle\minecraft_repo\versions\1.20.1\client-extra.jar --lib C:\Users\finto\.mcreator\gradle\caches\modules-2\files-2.1\net.minecraftforge\fmlloader\1.20.1-47.2.0\7811231940c0a8b6008453bbc64fdf7fa1280fe9\fmlloader-1.20.1-47.2.0.jar --lib C:\Users\finto\.mcreator\gradle\caches\modules-2\files-2.1\net.minecraftforge\JarJarSelector\0.3.19\376cc9c8ea60720cf027c01fc033de915699801c\JarJarSelector-0.3.19.jar --lib C:\Users\finto\.mcreator\gradle\caches\modules-2\files-2.1\net.minecraftforge\JarJarMetadata\0.3.19\83feaa9b770e6ac0e96ee4fc23fa89325c5fe2\JarJarMetadata-0.3.19.jar --lib C:\Users\finto\.mcreator\gradle\caches\modules-2\files-2.1\com.google.guava\guava\31.1-jre\60458f877d055d0c9114d9e1a2efb737b4bc282c\guava-31.1-jre.jar --lib C:\Users\finto\.mcreator\gradle\caches\modules-2\files-2.1\com.google.code.findbugs\jsr305\3.0.2\25ea2e8b0c338a877313bd4672d3fe056ea78f0d\jsr305-3.0.2.jar --lib C:\Users\finto\.mcreator\gradle\caches\modules-2\files-2.1\ca.weblite\java-objc-bridge\1.1\1227f9e0666314f9de41477e3ec277e542ed7f7b\java-objc-bridge-1.1.jar --lib C:\Users\finto\.mcreator\gradle\caches\modules-2\files-2.1\net.minecraftforge\forgespi\7.0.1\3b4972a0cdb135853dba219be61a79b22cff1309\forgespi-7.0.1.jar --lib C:\Users\finto\.mcreator\gradle\caches\modules-2\files-2.1\net.minecraftforge\mergetool\1.1.5\f3da18e12c696d35a47c82cbb2cc8b5aa15e1154\mergetool-1.1.5-api.jar --lib C:\Users\finto\.mcreator\gradle\caches\modules-2\files-2.1\org.jetbrains\anno
java_class_path (initial): C:\Users\finto\.mcreator\gradle\caches\forge_gradle\maven_downloader\net\minecraftforge\ForgeAutoRenamingTool\1.0.8\ForgeAutoRenamingTool-1.0.8-all.jar
Launcher Type: SUN_STANDARD

[Global flags]
     intx CICompilerCount                          = 4                                         {product} {ergonomic}
     uint ConcGCThreads                            = 2                                         {product} {ergonomic}
     uint G1ConcRefinementThreads                  = 8                                         {product} {ergonomic}
   size_t G1HeapRegionSize                         = 2097152                                   {product} {ergonomic}
    uintx GCDrainStackTargetSize                   = 64                                        {product} {ergonomic}
   size_t InitialHeapSize                          = 268435456                                 {product} {ergonomic}
   size_t MarkStackSize                            = 4194304                                   {product} {ergonomic}
   size_t MaxHeapSize                              = 4269801472                                {product} {ergonomic}
   size_t MaxNewSize                               = 2560622592                                {product} {ergonomic}
   size_t MinHeapDeltaBytes                        = 2097152                                   {product} {ergonomic}
   size_t MinHeapSize                              = 8388608                                   {product} {ergonomic}
    uintx NonNMethodCodeHeapSize                   = 5839372                                {pd product} {ergonomic}
    uintx NonProfiledCodeHeapSize                  = 122909434                              {pd product} {ergonomic}
    uintx ProfiledCodeHeapSize                     = 122909434                              {pd product} {ergonomic}
    uintx ReservedCodeCacheSize                    = 251658240                              {pd product} {ergonomic}
     bool SegmentedCodeCache                       = true                                      {product} {ergonomic}
   size_t SoftMaxHeapSize                          = 4269801472                             {manageable} {ergonomic}
     bool UseCompressedClassPointers               = true                           {product lp64_product} {ergonomic}
     bool UseCompressedOops                        = true                           {product lp64_product} {ergonomic}
     bool UseG1GC                                  = true                                      {product} {ergonomic}
     bool UseLargePagesIndividualAllocation        = false                                  {pd product} {ergonomic}

Logging:
Log output configuration:
 #0: stdout all=warning uptime,level,tags
 #1: stderr all=off uptime,level,tags

Environment Variables:
JAVA_HOME=C:\Program Files\Pylo\MCreator\jdk
PATH=C:\Program Files\BellSoft\LibericaJRE-17-Full\bin\;C:\Users\finto\AppData\Local\Programs\Python\Python312\Scripts\;C:\Users\finto\AppData\Local\Programs\Python\Python312\;C:\Program Files\Common Files\Oracle\Java\javapath;C:\Program Files (x86)\Common Files\Oracle\Java\javapath;C:\WINDOWS\system32;C:\WINDOWS;C:\WINDOWS\System32\Wbem;C:\WINDOWS\System32\WindowsPowerShell\v1.0\;C:\Program Files (x86)\NVIDIA Corporation\PhysX\Common;C:\Program Files\dotnet\;C:\Program Files\NVIDIA Corporation\NVIDIA App\NvDLISR;C:\Program Files (x86)\Windows Kits\10\Windows Performance Toolkit\;C:\ProgramData\chocolatey\bin;C:\Program Files\nodejs\;C:\Program Files\Git\cmd;C:\Users\finto\AppData\Local\Programs\Python\Launcher\;C:\Users\finto\AppData\Local\Microsoft\WindowsApps;C:\Users\finto\.dotnet\tools;C:\Users\finto\AppData\Local\Programs\Microsoft VS Code\bin;C:\Program Files\JetBrains\WebStorm 2023.3.3\bin;;C:\Program Files\JetBrains\IntelliJ IDEA Community Edition 2023.3.5\bin;;C:\Users\finto\AppData\Roaming\npm;C:\Program Files\Pylo\MCreator\jdk\bin
USERNAME=finto
OS=Windows_NT
PROCESSOR_IDENTIFIER=AMD64 Family 21 Model 2 Stepping 0, AuthenticAMD
TMP=C:\Users\finto\AppData\Local\Temp
TEMP=C:\Users\finto\AppData\Local\Temp



Periodic native trim disabled


---------------  S Y S T E M  ---------------

OS:
 Windows 10 , 64 bit Build 19041 (10.0.19041.3636)
OS uptime: 0 days 2:42 hours
Hyper-V role detected

CPU: total 8 (initial active 8) (8 cores per cpu, 1 threads per core) family 21 model 2 stepping 0 microcode 0x0, cx8, cmov, fxsr, mmx, 3dnowpref, sse, sse2, sse3, ssse3, sse4a, sse4.1, sse4.2, popcnt, lzcnt, tsc, tscinvbit, avx, aes, clmul, bmi1, fma, vzeroupper, clflush, hv
Processor Information for all 8 processors :
  Max Mhz: 3500, Current Mhz: 3500, Mhz Limit: 3500

Memory: 4k page, system-wide physical 16287M (2719M free)
TotalPageFile size 20895M (AvailPageFile size 3981M)
current process WorkingSet (physical memory assigned to process): 292M, peak: 292M
current process commit charge ("private bytes"): 676M, peak: 676M

vm_info: OpenJDK 64-Bit Server VM (17.0.10+7) for windows-amd64 JRE (17.0.10+7), built on Jan 16 2024 23:25:11 by "admin" with MS VC++ 16.10 / 16.11 (VS2019)

END.
